{"/Users/yuhong/Desktop/sl/digitalCloset/fullstack-app/frontend/src/App.tsx": {"path":"/Users/yuhong/Desktop/sl/digitalCloset/fullstack-app/frontend/src/App.tsx","statementMap":{"0":{"start":{"line":17,"column":0},"end":{"line":17,"column":38}},"1":{"start":{"line":19,"column":0},"end":{"line":19,"column":38}},"2":{"start":{"line":22,"column":2},"end":{"line":84,"column":4}}},"fnMap":{"0":{"name":"App","decl":{"start":{"line":21,"column":9},"end":{"line":21,"column":12}},"loc":{"start":{"line":21,"column":15},"end":{"line":85,"column":1}},"line":21}},"branchMap":{},"s":{"0":0,"1":0,"2":0},"f":{"0":0},"b":{}}
,"/Users/yuhong/Desktop/sl/digitalCloset/fullstack-app/frontend/src/config.ts": {"path":"/Users/yuhong/Desktop/sl/digitalCloset/fullstack-app/frontend/src/config.ts","statementMap":{"0":{"start":{"line":4,"column":22},"end":{"line":19,"column":1}},"1":{"start":{"line":6,"column":2},"end":{"line":10,"column":3}},"2":{"start":{"line":7,"column":16},"end":{"line":7,"column":56}},"3":{"start":{"line":9,"column":4},"end":{"line":9,"column":54}},"4":{"start":{"line":13,"column":2},"end":{"line":15,"column":3}},"5":{"start":{"line":14,"column":4},"end":{"line":14,"column":35}},"6":{"start":{"line":18,"column":2},"end":{"line":18,"column":33}},"7":{"start":{"line":21,"column":28},"end":{"line":21,"column":43}},"8":{"start":{"line":23,"column":0},"end":{"line":25,"column":1}},"9":{"start":{"line":24,"column":2},"end":{"line":24,"column":45}}},"fnMap":{"0":{"name":"(anonymous_0)","decl":{"start":{"line":4,"column":22},"end":{"line":4,"column":23}},"loc":{"start":{"line":4,"column":36},"end":{"line":19,"column":1}},"line":4}},"branchMap":{"0":{"loc":{"start":{"line":6,"column":2},"end":{"line":10,"column":3}},"type":"if","locations":[{"start":{"line":6,"column":2},"end":{"line":10,"column":3}},{"start":{},"end":{}}],"line":6},"1":{"loc":{"start":{"line":9,"column":11},"end":{"line":9,"column":53}},"type":"cond-expr","locations":[{"start":{"line":9,"column":31},"end":{"line":9,"column":47}},{"start":{"line":9,"column":50},"end":{"line":9,"column":53}}],"line":9},"2":{"loc":{"start":{"line":13,"column":2},"end":{"line":15,"column":3}},"type":"if","locations":[{"start":{"line":13,"column":2},"end":{"line":15,"column":3}},{"start":{},"end":{}}],"line":13},"3":{"loc":{"start":{"line":23,"column":0},"end":{"line":25,"column":1}},"type":"if","locations":[{"start":{"line":23,"column":0},"end":{"line":25,"column":1}},{"start":{},"end":{}}],"line":23}},"s":{"0":1,"1":1,"2":0,"3":0,"4":1,"5":0,"6":1,"7":1,"8":1,"9":0},"f":{"0":1},"b":{"0":[0,1],"1":[0,0],"2":[0,1],"3":[0,1]},"_coverageSchema":"1a1c01bbd47fc00a2c39e90264f33305004495a9","hash":"e7ffb61a3ae42ec5b5ab15544d9c47b7e2222014"}
,"/Users/yuhong/Desktop/sl/digitalCloset/fullstack-app/frontend/src/index.js": {"path":"/Users/yuhong/Desktop/sl/digitalCloset/fullstack-app/frontend/src/index.js","statementMap":{"0":{"start":{"line":8,"column":18},"end":{"line":8,"column":49}},"1":{"start":{"line":10,"column":0},"end":{"line":12,"column":1}},"2":{"start":{"line":11,"column":2},"end":{"line":11,"column":102}},"3":{"start":{"line":14,"column":13},"end":{"line":14,"column":43}},"4":{"start":{"line":16,"column":0},"end":{"line":22,"column":2}}},"fnMap":{},"branchMap":{"0":{"loc":{"start":{"line":10,"column":0},"end":{"line":12,"column":1}},"type":"if","locations":[{"start":{"line":10,"column":0},"end":{"line":12,"column":1}},{"start":{},"end":{}}],"line":10}},"s":{"0":0,"1":0,"2":0,"3":0,"4":0},"f":{},"b":{"0":[0,0]}}
,"/Users/yuhong/Desktop/sl/digitalCloset/fullstack-app/frontend/src/theme.ts": {"path":"/Users/yuhong/Desktop/sl/digitalCloset/fullstack-app/frontend/src/theme.ts","statementMap":{"0":{"start":{"line":3,"column":21},"end":{"line":50,"column":1}},"1":{"start":{"line":52,"column":22},"end":{"line":52,"column":63}},"2":{"start":{"line":54,"column":36},"end":{"line":77,"column":1}}},"fnMap":{},"branchMap":{},"s":{"0":2,"1":2,"2":2},"f":{},"b":{},"_coverageSchema":"1a1c01bbd47fc00a2c39e90264f33305004495a9","hash":"1a8cdea6a00e345c8bd4ecfbd2d315f3ec4bacdb"}
,"/Users/yuhong/Desktop/sl/digitalCloset/fullstack-app/frontend/src/components/ClothContext.tsx": {"path":"/Users/yuhong/Desktop/sl/digitalCloset/fullstack-app/frontend/src/components/ClothContext.tsx","statementMap":{"0":{"start":{"line":38,"column":28},"end":{"line":46,"column":2}},"1":{"start":{"line":49,"column":32},"end":{"line":49,"column":57}},"2":{"start":{"line":50,"column":36},"end":{"line":50,"column":50}},"3":{"start":{"line":51,"column":26},"end":{"line":51,"column":37}},"4":{"start":{"line":52,"column":34},"end":{"line":52,"column":46}},"5":{"start":{"line":53,"column":28},"end":{"line":53,"column":39}},"6":{"start":{"line":54,"column":26},"end":{"line":54,"column":49}},"7":{"start":{"line":55,"column":18},"end":{"line":55,"column":30}},"8":{"start":{"line":56,"column":22},"end":{"line":56,"column":38}},"9":{"start":{"line":58,"column":2},"end":{"line":61,"column":23}},"10":{"start":{"line":59,"column":4},"end":{"line":59,"column":27}},"11":{"start":{"line":60,"column":4},"end":{"line":60,"column":35}},"12":{"start":{"line":63,"column":23},"end":{"line":99,"column":15}},"13":{"start":{"line":64,"column":4},"end":{"line":68,"column":5}},"14":{"start":{"line":65,"column":6},"end":{"line":65,"column":21}},"15":{"start":{"line":66,"column":6},"end":{"line":66,"column":26}},"16":{"start":{"line":67,"column":6},"end":{"line":67,"column":13}},"17":{"start":{"line":69,"column":4},"end":{"line":69,"column":23}},"18":{"start":{"line":70,"column":4},"end":{"line":98,"column":5}},"19":{"start":{"line":71,"column":23},"end":{"line":71,"column":55}},"20":{"start":{"line":72,"column":27},"end":{"line":72,"column":67}},"21":{"start":{"line":74,"column":23},"end":{"line":87,"column":7}},"22":{"start":{"line":88,"column":6},"end":{"line":88,"column":44}},"23":{"start":{"line":89,"column":6},"end":{"line":89,"column":46}},"24":{"start":{"line":90,"column":6},"end":{"line":90,"column":59}},"25":{"start":{"line":91,"column":6},"end":{"line":91,"column":41}},"26":{"start":{"line":93,"column":6},"end":{"line":93,"column":54}},"27":{"start":{"line":94,"column":6},"end":{"line":94,"column":21}},"28":{"start":{"line":95,"column":6},"end":{"line":95,"column":18}},"29":{"start":{"line":97,"column":6},"end":{"line":97,"column":26}},"30":{"start":{"line":101,"column":2},"end":{"line":103,"column":30}},"31":{"start":{"line":102,"column":4},"end":{"line":102,"column":19}},"32":{"start":{"line":105,"column":2},"end":{"line":109,"column":4}}},"fnMap":{"0":{"name":"(anonymous_0)","decl":{"start":{"line":40,"column":14},"end":{"line":40,"column":15}},"loc":{"start":{"line":40,"column":20},"end":{"line":40,"column":23}},"line":40},"1":{"name":"(anonymous_1)","decl":{"start":{"line":42,"column":18},"end":{"line":42,"column":19}},"loc":{"start":{"line":42,"column":30},"end":{"line":42,"column":33}},"line":42},"2":{"name":"ClothContextProvider","decl":{"start":{"line":48,"column":16},"end":{"line":48,"column":36}},"loc":{"start":{"line":48,"column":70},"end":{"line":110,"column":1}},"line":48},"3":{"name":"(anonymous_3)","decl":{"start":{"line":58,"column":12},"end":{"line":58,"column":13}},"loc":{"start":{"line":58,"column":18},"end":{"line":61,"column":3}},"line":58},"4":{"name":"(anonymous_4)","decl":{"start":{"line":63,"column":35},"end":{"line":63,"column":36}},"loc":{"start":{"line":63,"column":142},"end":{"line":99,"column":3}},"line":63},"5":{"name":"(anonymous_5)","decl":{"start":{"line":101,"column":12},"end":{"line":101,"column":13}},"loc":{"start":{"line":101,"column":18},"end":{"line":103,"column":3}},"line":101}},"branchMap":{"0":{"loc":{"start":{"line":64,"column":4},"end":{"line":68,"column":5}},"type":"if","locations":[{"start":{"line":64,"column":4},"end":{"line":68,"column":5}},{"start":{},"end":{}}],"line":64},"1":{"loc":{"start":{"line":71,"column":23},"end":{"line":71,"column":55}},"type":"binary-expr","locations":[{"start":{"line":71,"column":23},"end":{"line":71,"column":36}},{"start":{"line":71,"column":40},"end":{"line":71,"column":55}}],"line":71},"2":{"loc":{"start":{"line":72,"column":27},"end":{"line":72,"column":67}},"type":"binary-expr","locations":[{"start":{"line":72,"column":27},"end":{"line":72,"column":44}},{"start":{"line":72,"column":48},"end":{"line":72,"column":67}}],"line":72},"3":{"loc":{"start":{"line":82,"column":16},"end":{"line":82,"column":65}},"type":"cond-expr","locations":[{"start":{"line":82,"column":34},"end":{"line":82,"column":60}},{"start":{"line":82,"column":63},"end":{"line":82,"column":65}}],"line":82},"4":{"loc":{"start":{"line":83,"column":16},"end":{"line":83,"column":65}},"type":"cond-expr","locations":[{"start":{"line":83,"column":34},"end":{"line":83,"column":60}},{"start":{"line":83,"column":63},"end":{"line":83,"column":65}}],"line":83},"5":{"loc":{"start":{"line":84,"column":16},"end":{"line":84,"column":59}},"type":"cond-expr","locations":[{"start":{"line":84,"column":32},"end":{"line":84,"column":54}},{"start":{"line":84,"column":57},"end":{"line":84,"column":59}}],"line":84},"6":{"loc":{"start":{"line":88,"column":17},"end":{"line":88,"column":42}},"type":"binary-expr","locations":[{"start":{"line":88,"column":17},"end":{"line":88,"column":36}},{"start":{"line":88,"column":40},"end":{"line":88,"column":42}}],"line":88},"7":{"loc":{"start":{"line":89,"column":14},"end":{"line":89,"column":44}},"type":"binary-expr","locations":[{"start":{"line":89,"column":14},"end":{"line":89,"column":32}},{"start":{"line":89,"column":36},"end":{"line":89,"column":44}}],"line":89},"8":{"loc":{"start":{"line":90,"column":18},"end":{"line":90,"column":57}},"type":"binary-expr","locations":[{"start":{"line":90,"column":18},"end":{"line":90,"column":41}},{"start":{"line":90,"column":45},"end":{"line":90,"column":57}}],"line":90},"9":{"loc":{"start":{"line":91,"column":15},"end":{"line":91,"column":39}},"type":"binary-expr","locations":[{"start":{"line":91,"column":15},"end":{"line":91,"column":34}},{"start":{"line":91,"column":38},"end":{"line":91,"column":39}}],"line":91}},"s":{"0":0,"1":0,"2":0,"3":0,"4":0,"5":0,"6":0,"7":0,"8":0,"9":0,"10":0,"11":0,"12":0,"13":0,"14":0,"15":0,"16":0,"17":0,"18":0,"19":0,"20":0,"21":0,"22":0,"23":0,"24":0,"25":0,"26":0,"27":0,"28":0,"29":0,"30":0,"31":0,"32":0},"f":{"0":0,"1":0,"2":0,"3":0,"4":0,"5":0},"b":{"0":[0,0],"1":[0,0],"2":[0,0],"3":[0,0],"4":[0,0],"5":[0,0],"6":[0,0],"7":[0,0],"8":[0,0],"9":[0,0]}}
,"/Users/yuhong/Desktop/sl/digitalCloset/fullstack-app/frontend/src/components/Message.tsx": {"path":"/Users/yuhong/Desktop/sl/digitalCloset/fullstack-app/frontend/src/components/Message.tsx","statementMap":{},"fnMap":{},"branchMap":{},"s":{},"f":{},"b":{}}
,"/Users/yuhong/Desktop/sl/digitalCloset/fullstack-app/frontend/src/components/ProtectedRoute.tsx": {"path":"/Users/yuhong/Desktop/sl/digitalCloset/fullstack-app/frontend/src/components/ProtectedRoute.tsx","statementMap":{"0":{"start":{"line":10,"column":34},"end":{"line":10,"column":57}},"1":{"start":{"line":11,"column":21},"end":{"line":11,"column":34}},"2":{"start":{"line":13,"column":4},"end":{"line":19,"column":5}},"3":{"start":{"line":14,"column":8},"end":{"line":18,"column":10}},"4":{"start":{"line":21,"column":4},"end":{"line":23,"column":5}},"5":{"start":{"line":22,"column":8},"end":{"line":22,"column":75}},"6":{"start":{"line":25,"column":4},"end":{"line":25,"column":27}}},"fnMap":{"0":{"name":"ProtectedRoute","decl":{"start":{"line":9,"column":16},"end":{"line":9,"column":30}},"loc":{"start":{"line":9,"column":66},"end":{"line":26,"column":1}},"line":9}},"branchMap":{"0":{"loc":{"start":{"line":13,"column":4},"end":{"line":19,"column":5}},"type":"if","locations":[{"start":{"line":13,"column":4},"end":{"line":19,"column":5}},{"start":{},"end":{}}],"line":13},"1":{"loc":{"start":{"line":21,"column":4},"end":{"line":23,"column":5}},"type":"if","locations":[{"start":{"line":21,"column":4},"end":{"line":23,"column":5}},{"start":{},"end":{}}],"line":21}},"s":{"0":0,"1":0,"2":0,"3":0,"4":0,"5":0,"6":0},"f":{"0":0},"b":{"0":[0,0],"1":[0,0]}}
,"/Users/yuhong/Desktop/sl/digitalCloset/fullstack-app/frontend/src/components/UserContext.tsx": {"path":"/Users/yuhong/Desktop/sl/digitalCloset/fullstack-app/frontend/src/components/UserContext.tsx","statementMap":{"0":{"start":{"line":16,"column":27},"end":{"line":22,"column":2}},"1":{"start":{"line":25,"column":36},"end":{"line":25,"column":65}},"2":{"start":{"line":26,"column":24},"end":{"line":26,"column":53}},"3":{"start":{"line":27,"column":34},"end":{"line":27,"column":48}},"4":{"start":{"line":29,"column":4},"end":{"line":44,"column":10}},"5":{"start":{"line":30,"column":29},"end":{"line":41,"column":9}},"6":{"start":{"line":31,"column":12},"end":{"line":40,"column":13}},"7":{"start":{"line":32,"column":33},"end":{"line":32,"column":75}},"8":{"start":{"line":33,"column":16},"end":{"line":33,"column":61}},"9":{"start":{"line":34,"column":16},"end":{"line":34,"column":53}},"10":{"start":{"line":36,"column":16},"end":{"line":36,"column":34}},"11":{"start":{"line":37,"column":16},"end":{"line":37,"column":28}},"12":{"start":{"line":39,"column":16},"end":{"line":39,"column":34}},"13":{"start":{"line":43,"column":8},"end":{"line":43,"column":23}},"14":{"start":{"line":46,"column":4},"end":{"line":50,"column":5}}},"fnMap":{"0":{"name":"(anonymous_0)","decl":{"start":{"line":18,"column":17},"end":{"line":18,"column":18}},"loc":{"start":{"line":18,"column":23},"end":{"line":18,"column":26}},"line":18},"1":{"name":"(anonymous_1)","decl":{"start":{"line":20,"column":11},"end":{"line":20,"column":12}},"loc":{"start":{"line":20,"column":17},"end":{"line":20,"column":20}},"line":20},"2":{"name":"UserContextProvider","decl":{"start":{"line":24,"column":16},"end":{"line":24,"column":35}},"loc":{"start":{"line":24,"column":69},"end":{"line":51,"column":1}},"line":24},"3":{"name":"(anonymous_3)","decl":{"start":{"line":29,"column":14},"end":{"line":29,"column":15}},"loc":{"start":{"line":29,"column":20},"end":{"line":44,"column":5}},"line":29},"4":{"name":"(anonymous_4)","decl":{"start":{"line":30,"column":29},"end":{"line":30,"column":30}},"loc":{"start":{"line":30,"column":41},"end":{"line":41,"column":9}},"line":30}},"branchMap":{"0":{"loc":{"start":{"line":33,"column":28},"end":{"line":33,"column":59}},"type":"binary-expr","locations":[{"start":{"line":33,"column":28},"end":{"line":33,"column":51}},{"start":{"line":33,"column":55},"end":{"line":33,"column":59}}],"line":33},"1":{"loc":{"start":{"line":34,"column":22},"end":{"line":34,"column":51}},"type":"binary-expr","locations":[{"start":{"line":34,"column":22},"end":{"line":34,"column":43}},{"start":{"line":34,"column":47},"end":{"line":34,"column":51}}],"line":34}},"s":{"0":1,"1":0,"2":0,"3":0,"4":0,"5":0,"6":0,"7":0,"8":0,"9":0,"10":0,"11":0,"12":0,"13":0,"14":0},"f":{"0":1,"1":1,"2":0,"3":0,"4":0},"b":{"0":[0,0],"1":[0,0]},"_coverageSchema":"1a1c01bbd47fc00a2c39e90264f33305004495a9","hash":"21e935c660ad807fc385cfef761a4692d47dfbb7"}
,"/Users/yuhong/Desktop/sl/digitalCloset/fullstack-app/frontend/src/components/index.tsx": {"path":"/Users/yuhong/Desktop/sl/digitalCloset/fullstack-app/frontend/src/components/index.tsx","statementMap":{"0":{"start":{"line":3,"column":32},"end":{"line":9,"column":1}},"1":{"start":{"line":4,"column":4},"end":{"line":8,"column":6}},"2":{"start":{"line":11,"column":32},"end":{"line":17,"column":1}},"3":{"start":{"line":12,"column":4},"end":{"line":16,"column":6}},"4":{"start":{"line":19,"column":72},"end":{"line":25,"column":1}},"5":{"start":{"line":20,"column":4},"end":{"line":24,"column":6}}},"fnMap":{"0":{"name":"(anonymous_0)","decl":{"start":{"line":3,"column":32},"end":{"line":3,"column":33}},"loc":{"start":{"line":3,"column":38},"end":{"line":9,"column":1}},"line":3},"1":{"name":"(anonymous_1)","decl":{"start":{"line":11,"column":32},"end":{"line":11,"column":33}},"loc":{"start":{"line":11,"column":38},"end":{"line":17,"column":1}},"line":11},"2":{"name":"(anonymous_2)","decl":{"start":{"line":19,"column":72},"end":{"line":19,"column":73}},"loc":{"start":{"line":19,"column":96},"end":{"line":25,"column":1}},"line":19}},"branchMap":{},"s":{"0":0,"1":0,"2":0,"3":0,"4":0,"5":0},"f":{"0":0,"1":0,"2":0},"b":{}}
,"/Users/yuhong/Desktop/sl/digitalCloset/fullstack-app/frontend/src/hooks/useClothContext.ts": {"path":"/Users/yuhong/Desktop/sl/digitalCloset/fullstack-app/frontend/src/hooks/useClothContext.ts","statementMap":{"0":{"start":{"line":4,"column":31},"end":{"line":10,"column":1}},"1":{"start":{"line":5,"column":14},"end":{"line":5,"column":38}},"2":{"start":{"line":6,"column":2},"end":{"line":8,"column":3}},"3":{"start":{"line":7,"column":4},"end":{"line":7,"column":82}},"4":{"start":{"line":9,"column":2},"end":{"line":9,"column":13}}},"fnMap":{"0":{"name":"(anonymous_0)","decl":{"start":{"line":4,"column":31},"end":{"line":4,"column":32}},"loc":{"start":{"line":4,"column":37},"end":{"line":10,"column":1}},"line":4}},"branchMap":{"0":{"loc":{"start":{"line":6,"column":2},"end":{"line":8,"column":3}},"type":"if","locations":[{"start":{"line":6,"column":2},"end":{"line":8,"column":3}},{"start":{},"end":{}}],"line":6}},"s":{"0":0,"1":0,"2":0,"3":0,"4":0},"f":{"0":0},"b":{"0":[0,0]}}
,"/Users/yuhong/Desktop/sl/digitalCloset/fullstack-app/frontend/src/pages/AddItem.tsx": {"path":"/Users/yuhong/Desktop/sl/digitalCloset/fullstack-app/frontend/src/pages/AddItem.tsx","statementMap":{"0":{"start":{"line":28,"column":39},"end":{"line":28,"column":113}},"1":{"start":{"line":29,"column":29},"end":{"line":29,"column":74}},"2":{"start":{"line":32,"column":40},"end":{"line":32,"column":57}},"3":{"start":{"line":33,"column":21},"end":{"line":33,"column":34}},"4":{"start":{"line":34,"column":27},"end":{"line":34,"column":44}},"5":{"start":{"line":36,"column":27},"end":{"line":36,"column":50}},"6":{"start":{"line":38,"column":28},"end":{"line":38,"column":40}},"7":{"start":{"line":39,"column":36},"end":{"line":39,"column":69}},"8":{"start":{"line":40,"column":30},"end":{"line":40,"column":42}},"9":{"start":{"line":41,"column":28},"end":{"line":41,"column":40}},"10":{"start":{"line":42,"column":36},"end":{"line":42,"column":48}},"11":{"start":{"line":43,"column":30},"end":{"line":43,"column":42}},"12":{"start":{"line":44,"column":28},"end":{"line":44,"column":40}},"13":{"start":{"line":45,"column":46},"end":{"line":45,"column":58}},"14":{"start":{"line":46,"column":32},"end":{"line":46,"column":58}},"15":{"start":{"line":47,"column":44},"end":{"line":47,"column":56}},"16":{"start":{"line":48,"column":46},"end":{"line":48,"column":58}},"17":{"start":{"line":49,"column":38},"end":{"line":49,"column":65}},"18":{"start":{"line":50,"column":30},"end":{"line":50,"column":42}},"19":{"start":{"line":51,"column":36},"end":{"line":51,"column":51}},"20":{"start":{"line":52,"column":44},"end":{"line":52,"column":59}},"21":{"start":{"line":53,"column":44},"end":{"line":53,"column":70}},"22":{"start":{"line":54,"column":38},"end":{"line":54,"column":67}},"23":{"start":{"line":58,"column":19},"end":{"line":58,"column":46}},"24":{"start":{"line":59,"column":23},"end":{"line":59,"column":41}},"25":{"start":{"line":61,"column":4},"end":{"line":115,"column":41}},"26":{"start":{"line":62,"column":8},"end":{"line":62,"column":32}},"27":{"start":{"line":62,"column":25},"end":{"line":62,"column":32}},"28":{"start":{"line":65,"column":12},"end":{"line":92,"column":13}},"29":{"start":{"line":66,"column":33},"end":{"line":66,"column":86}},"30":{"start":{"line":67,"column":29},"end":{"line":67,"column":42}},"31":{"start":{"line":68,"column":16},"end":{"line":68,"column":35}},"32":{"start":{"line":69,"column":16},"end":{"line":69,"column":43}},"33":{"start":{"line":70,"column":16},"end":{"line":70,"column":37}},"34":{"start":{"line":71,"column":16},"end":{"line":71,"column":41}},"35":{"start":{"line":72,"column":16},"end":{"line":72,"column":49}},"36":{"start":{"line":73,"column":16},"end":{"line":73,"column":43}},"37":{"start":{"line":74,"column":16},"end":{"line":74,"column":91}},"38":{"start":{"line":75,"column":16},"end":{"line":75,"column":89}},"39":{"start":{"line":76,"column":16},"end":{"line":76,"column":39}},"40":{"start":{"line":77,"column":16},"end":{"line":77,"column":43}},"41":{"start":{"line":78,"column":16},"end":{"line":78,"column":52}},"42":{"start":{"line":79,"column":16},"end":{"line":79,"column":38}},"43":{"start":{"line":80,"column":16},"end":{"line":84,"column":17}},"44":{"start":{"line":81,"column":20},"end":{"line":81,"column":51}},"45":{"start":{"line":82,"column":37},"end":{"line":82,"column":61}},"46":{"start":{"line":83,"column":20},"end":{"line":83,"column":68}},"47":{"start":{"line":86,"column":31},"end":{"line":86,"column":63}},"48":{"start":{"line":87,"column":16},"end":{"line":90,"column":17}},"49":{"start":{"line":88,"column":20},"end":{"line":88,"column":40}},"50":{"start":{"line":89,"column":20},"end":{"line":89,"column":27}},"51":{"start":{"line":91,"column":16},"end":{"line":91,"column":66}},"52":{"start":{"line":95,"column":29},"end":{"line":95,"column":77}},"53":{"start":{"line":95,"column":53},"end":{"line":95,"column":76}},"54":{"start":{"line":96,"column":8},"end":{"line":112,"column":9}},"55":{"start":{"line":97,"column":12},"end":{"line":97,"column":39}},"56":{"start":{"line":98,"column":12},"end":{"line":98,"column":47}},"57":{"start":{"line":99,"column":12},"end":{"line":99,"column":41}},"58":{"start":{"line":100,"column":12},"end":{"line":100,"column":45}},"59":{"start":{"line":101,"column":12},"end":{"line":101,"column":53}},"60":{"start":{"line":102,"column":12},"end":{"line":102,"column":47}},"61":{"start":{"line":103,"column":12},"end":{"line":103,"column":111}},"62":{"start":{"line":104,"column":12},"end":{"line":104,"column":101}},"63":{"start":{"line":105,"column":12},"end":{"line":105,"column":43}},"64":{"start":{"line":106,"column":12},"end":{"line":106,"column":47}},"65":{"start":{"line":107,"column":12},"end":{"line":107,"column":56}},"66":{"start":{"line":108,"column":12},"end":{"line":108,"column":42}},"67":{"start":{"line":109,"column":12},"end":{"line":111,"column":13}},"68":{"start":{"line":110,"column":16},"end":{"line":110,"column":55}},"69":{"start":{"line":114,"column":8},"end":{"line":114,"column":24}},"70":{"start":{"line":117,"column":4},"end":{"line":148,"column":35}},"71":{"start":{"line":118,"column":8},"end":{"line":118,"column":31}},"72":{"start":{"line":118,"column":24},"end":{"line":118,"column":31}},"73":{"start":{"line":120,"column":22},"end":{"line":120,"column":52}},"74":{"start":{"line":121,"column":26},"end":{"line":121,"column":81}},"75":{"start":{"line":122,"column":23},"end":{"line":122,"column":54}},"76":{"start":{"line":123,"column":24},"end":{"line":123,"column":56}},"77":{"start":{"line":124,"column":26},"end":{"line":124,"column":60}},"78":{"start":{"line":125,"column":23},"end":{"line":125,"column":54}},"79":{"start":{"line":126,"column":25},"end":{"line":126,"column":69}},"80":{"start":{"line":127,"column":22},"end":{"line":127,"column":60}},"81":{"start":{"line":128,"column":8},"end":{"line":128,"column":34}},"82":{"start":{"line":128,"column":19},"end":{"line":128,"column":34}},"83":{"start":{"line":129,"column":8},"end":{"line":129,"column":46}},"84":{"start":{"line":129,"column":23},"end":{"line":129,"column":46}},"85":{"start":{"line":130,"column":8},"end":{"line":130,"column":37}},"86":{"start":{"line":130,"column":20},"end":{"line":130,"column":37}},"87":{"start":{"line":131,"column":8},"end":{"line":131,"column":53}},"88":{"start":{"line":131,"column":21},"end":{"line":131,"column":53}},"89":{"start":{"line":132,"column":8},"end":{"line":132,"column":46}},"90":{"start":{"line":132,"column":23},"end":{"line":132,"column":46}},"91":{"start":{"line":133,"column":8},"end":{"line":133,"column":37}},"92":{"start":{"line":133,"column":20},"end":{"line":133,"column":37}},"93":{"start":{"line":134,"column":8},"end":{"line":144,"column":9}},"94":{"start":{"line":135,"column":12},"end":{"line":135,"column":48}},"95":{"start":{"line":136,"column":12},"end":{"line":136,"column":49}},"96":{"start":{"line":137,"column":12},"end":{"line":143,"column":34}},"97":{"start":{"line":138,"column":29},"end":{"line":138,"column":39}},"98":{"start":{"line":140,"column":33},"end":{"line":140,"column":109}},"99":{"start":{"line":141,"column":20},"end":{"line":141,"column":39}},"100":{"start":{"line":145,"column":8},"end":{"line":147,"column":9}},"101":{"start":{"line":146,"column":12},"end":{"line":146,"column":60}},"102":{"start":{"line":150,"column":22},"end":{"line":165,"column":5}},"103":{"start":{"line":151,"column":8},"end":{"line":151,"column":20}},"104":{"start":{"line":152,"column":8},"end":{"line":152,"column":27}},"105":{"start":{"line":153,"column":8},"end":{"line":153,"column":21}},"106":{"start":{"line":154,"column":8},"end":{"line":154,"column":20}},"107":{"start":{"line":155,"column":8},"end":{"line":155,"column":24}},"108":{"start":{"line":156,"column":8},"end":{"line":156,"column":21}},"109":{"start":{"line":157,"column":8},"end":{"line":157,"column":20}},"110":{"start":{"line":158,"column":8},"end":{"line":158,"column":29}},"111":{"start":{"line":159,"column":8},"end":{"line":159,"column":25}},"112":{"start":{"line":160,"column":8},"end":{"line":160,"column":28}},"113":{"start":{"line":161,"column":8},"end":{"line":161,"column":27}},"114":{"start":{"line":162,"column":8},"end":{"line":162,"column":29}},"115":{"start":{"line":163,"column":8},"end":{"line":163,"column":21}},"116":{"start":{"line":164,"column":8},"end":{"line":164,"column":27}},"117":{"start":{"line":169,"column":8},"end":{"line":169,"column":28}},"118":{"start":{"line":170,"column":8},"end":{"line":170,"column":27}},"119":{"start":{"line":171,"column":8},"end":{"line":171,"column":30}},"120":{"start":{"line":172,"column":8},"end":{"line":176,"column":9}},"121":{"start":{"line":173,"column":12},"end":{"line":173,"column":75}},"122":{"start":{"line":174,"column":12},"end":{"line":174,"column":35}},"123":{"start":{"line":175,"column":12},"end":{"line":175,"column":19}},"124":{"start":{"line":177,"column":8},"end":{"line":181,"column":9}},"125":{"start":{"line":178,"column":12},"end":{"line":178,"column":97}},"126":{"start":{"line":179,"column":12},"end":{"line":179,"column":35}},"127":{"start":{"line":180,"column":12},"end":{"line":180,"column":19}},"128":{"start":{"line":182,"column":25},"end":{"line":182,"column":39}},"129":{"start":{"line":185,"column":8},"end":{"line":268,"column":9}},"130":{"start":{"line":186,"column":12},"end":{"line":190,"column":13}},"131":{"start":{"line":187,"column":16},"end":{"line":187,"column":71}},"132":{"start":{"line":188,"column":16},"end":{"line":188,"column":39}},"133":{"start":{"line":189,"column":16},"end":{"line":189,"column":23}},"134":{"start":{"line":192,"column":29},"end":{"line":192,"column":34}},"135":{"start":{"line":193,"column":12},"end":{"line":196,"column":13}},"136":{"start":{"line":194,"column":16},"end":{"line":194,"column":46}},"137":{"start":{"line":195,"column":16},"end":{"line":195,"column":34}},"138":{"start":{"line":197,"column":12},"end":{"line":200,"column":13}},"139":{"start":{"line":198,"column":16},"end":{"line":198,"column":54}},"140":{"start":{"line":199,"column":16},"end":{"line":199,"column":34}},"141":{"start":{"line":201,"column":12},"end":{"line":204,"column":13}},"142":{"start":{"line":202,"column":16},"end":{"line":202,"column":48}},"143":{"start":{"line":203,"column":16},"end":{"line":203,"column":34}},"144":{"start":{"line":205,"column":12},"end":{"line":208,"column":13}},"145":{"start":{"line":206,"column":16},"end":{"line":206,"column":50}},"146":{"start":{"line":207,"column":16},"end":{"line":207,"column":34}},"147":{"start":{"line":209,"column":12},"end":{"line":212,"column":13}},"148":{"start":{"line":210,"column":16},"end":{"line":210,"column":46}},"149":{"start":{"line":211,"column":16},"end":{"line":211,"column":34}},"150":{"start":{"line":213,"column":12},"end":{"line":216,"column":13}},"151":{"start":{"line":214,"column":16},"end":{"line":214,"column":54}},"152":{"start":{"line":215,"column":16},"end":{"line":215,"column":34}},"153":{"start":{"line":217,"column":12},"end":{"line":220,"column":13}},"154":{"start":{"line":218,"column":16},"end":{"line":218,"column":48}},"155":{"start":{"line":219,"column":16},"end":{"line":219,"column":34}},"156":{"start":{"line":221,"column":33},"end":{"line":221,"column":122}},"157":{"start":{"line":222,"column":12},"end":{"line":225,"column":13}},"158":{"start":{"line":223,"column":16},"end":{"line":223,"column":46}},"159":{"start":{"line":224,"column":16},"end":{"line":224,"column":34}},"160":{"start":{"line":226,"column":34},"end":{"line":226,"column":104}},"161":{"start":{"line":227,"column":12},"end":{"line":230,"column":13}},"162":{"start":{"line":228,"column":16},"end":{"line":228,"column":65}},"163":{"start":{"line":229,"column":16},"end":{"line":229,"column":34}},"164":{"start":{"line":231,"column":12},"end":{"line":234,"column":13}},"165":{"start":{"line":232,"column":16},"end":{"line":232,"column":62}},"166":{"start":{"line":233,"column":16},"end":{"line":233,"column":34}},"167":{"start":{"line":236,"column":34},"end":{"line":236,"column":58}},"168":{"start":{"line":237,"column":12},"end":{"line":240,"column":13}},"169":{"start":{"line":238,"column":16},"end":{"line":238,"column":48}},"170":{"start":{"line":239,"column":16},"end":{"line":239,"column":34}},"171":{"start":{"line":241,"column":12},"end":{"line":244,"column":13}},"172":{"start":{"line":242,"column":16},"end":{"line":242,"column":52}},"173":{"start":{"line":243,"column":16},"end":{"line":243,"column":34}},"174":{"start":{"line":246,"column":12},"end":{"line":250,"column":13}},"175":{"start":{"line":247,"column":16},"end":{"line":247,"column":39}},"176":{"start":{"line":248,"column":16},"end":{"line":248,"column":36}},"177":{"start":{"line":249,"column":16},"end":{"line":249,"column":23}},"178":{"start":{"line":253,"column":12},"end":{"line":253,"column":42}},"179":{"start":{"line":254,"column":12},"end":{"line":254,"column":50}},"180":{"start":{"line":255,"column":12},"end":{"line":255,"column":44}},"181":{"start":{"line":256,"column":12},"end":{"line":256,"column":52}},"182":{"start":{"line":256,"column":22},"end":{"line":256,"column":52}},"183":{"start":{"line":257,"column":12},"end":{"line":257,"column":64}},"184":{"start":{"line":257,"column":26},"end":{"line":257,"column":64}},"185":{"start":{"line":258,"column":12},"end":{"line":258,"column":55}},"186":{"start":{"line":258,"column":23},"end":{"line":258,"column":55}},"187":{"start":{"line":259,"column":12},"end":{"line":259,"column":52}},"188":{"start":{"line":259,"column":22},"end":{"line":259,"column":52}},"189":{"start":{"line":260,"column":12},"end":{"line":260,"column":80}},"190":{"start":{"line":260,"column":31},"end":{"line":260,"column":80}},"191":{"start":{"line":261,"column":12},"end":{"line":261,"column":46}},"192":{"start":{"line":262,"column":12},"end":{"line":262,"column":58}},"193":{"start":{"line":263,"column":12},"end":{"line":263,"column":55}},"194":{"start":{"line":263,"column":23},"end":{"line":263,"column":55}},"195":{"start":{"line":264,"column":12},"end":{"line":264,"column":47}},"196":{"start":{"line":265,"column":12},"end":{"line":267,"column":13}},"197":{"start":{"line":266,"column":16},"end":{"line":266,"column":52}},"198":{"start":{"line":270,"column":8},"end":{"line":295,"column":9}},"199":{"start":{"line":271,"column":24},"end":{"line":271,"column":99}},"200":{"start":{"line":273,"column":29},"end":{"line":283,"column":18}},"201":{"start":{"line":284,"column":12},"end":{"line":290,"column":13}},"202":{"start":{"line":285,"column":16},"end":{"line":285,"column":39}},"203":{"start":{"line":286,"column":16},"end":{"line":286,"column":28}},"204":{"start":{"line":287,"column":16},"end":{"line":287,"column":36}},"205":{"start":{"line":289,"column":16},"end":{"line":289,"column":68}},"206":{"start":{"line":292,"column":12},"end":{"line":292,"column":55}},"207":{"start":{"line":294,"column":12},"end":{"line":294,"column":35}},"208":{"start":{"line":298,"column":29},"end":{"line":310,"column":5}},"209":{"start":{"line":299,"column":21},"end":{"line":299,"column":44}},"210":{"start":{"line":300,"column":8},"end":{"line":300,"column":26}},"211":{"start":{"line":300,"column":19},"end":{"line":300,"column":26}},"212":{"start":{"line":302,"column":8},"end":{"line":302,"column":27}},"213":{"start":{"line":304,"column":23},"end":{"line":304,"column":39}},"214":{"start":{"line":305,"column":8},"end":{"line":308,"column":10}},"215":{"start":{"line":306,"column":12},"end":{"line":306,"column":53}},"216":{"start":{"line":307,"column":12},"end":{"line":307,"column":40}},"217":{"start":{"line":309,"column":8},"end":{"line":309,"column":35}},"218":{"start":{"line":312,"column":23},"end":{"line":316,"column":5}},"219":{"start":{"line":313,"column":8},"end":{"line":313,"column":28}},"220":{"start":{"line":314,"column":8},"end":{"line":314,"column":27}},"221":{"start":{"line":315,"column":8},"end":{"line":315,"column":29}},"222":{"start":{"line":318,"column":4},"end":{"line":625,"column":6}},"223":{"start":{"line":339,"column":61},"end":{"line":339,"column":80}},"224":{"start":{"line":371,"column":53},"end":{"line":371,"column":76}},"225":{"start":{"line":386,"column":57},"end":{"line":386,"column":104}},"226":{"start":{"line":394,"column":48},"end":{"line":396,"column":57}},"227":{"start":{"line":409,"column":53},"end":{"line":409,"column":77}},"228":{"start":{"line":423,"column":53},"end":{"line":423,"column":76}},"229":{"start":{"line":437,"column":53},"end":{"line":437,"column":80}},"230":{"start":{"line":451,"column":53},"end":{"line":451,"column":77}},"231":{"start":{"line":465,"column":53},"end":{"line":465,"column":76}},"232":{"start":{"line":479,"column":53},"end":{"line":479,"column":85}},"233":{"start":{"line":496,"column":57},"end":{"line":496,"column":95}},"234":{"start":{"line":504,"column":48},"end":{"line":506,"column":57}},"235":{"start":{"line":556,"column":53},"end":{"line":556,"column":77}},"236":{"start":{"line":569,"column":40},"end":{"line":569,"column":62}},"237":{"start":{"line":599,"column":40},"end":{"line":599,"column":63}},"238":{"start":{"line":599,"column":56},"end":{"line":599,"column":63}},"239":{"start":{"line":600,"column":62},"end":{"line":600,"column":122}},"240":{"start":{"line":601,"column":40},"end":{"line":601,"column":67}},"241":{"start":{"line":601,"column":60},"end":{"line":601,"column":67}},"242":{"start":{"line":603,"column":40},"end":{"line":614,"column":41}},"243":{"start":{"line":604,"column":61},"end":{"line":604,"column":117}},"244":{"start":{"line":605,"column":44},"end":{"line":611,"column":45}},"245":{"start":{"line":606,"column":48},"end":{"line":606,"column":71}},"246":{"start":{"line":607,"column":48},"end":{"line":607,"column":68}},"247":{"start":{"line":608,"column":48},"end":{"line":608,"column":55}},"248":{"start":{"line":610,"column":48},"end":{"line":610,"column":103}},"249":{"start":{"line":613,"column":44},"end":{"line":613,"column":90}}},"fnMap":{"0":{"name":"AddItem","decl":{"start":{"line":31,"column":24},"end":{"line":31,"column":31}},"loc":{"start":{"line":31,"column":34},"end":{"line":626,"column":1}},"line":31},"1":{"name":"(anonymous_1)","decl":{"start":{"line":61,"column":14},"end":{"line":61,"column":15}},"loc":{"start":{"line":61,"column":20},"end":{"line":115,"column":5}},"line":61},"2":{"name":"fetchItemData","decl":{"start":{"line":64,"column":23},"end":{"line":64,"column":36}},"loc":{"start":{"line":64,"column":39},"end":{"line":93,"column":9}},"line":64},"3":{"name":"(anonymous_3)","decl":{"start":{"line":95,"column":42},"end":{"line":95,"column":43}},"loc":{"start":{"line":95,"column":53},"end":{"line":95,"column":76}},"line":95},"4":{"name":"(anonymous_4)","decl":{"start":{"line":117,"column":14},"end":{"line":117,"column":15}},"loc":{"start":{"line":117,"column":20},"end":{"line":148,"column":5}},"line":117},"5":{"name":"(anonymous_5)","decl":{"start":{"line":138,"column":22},"end":{"line":138,"column":23}},"loc":{"start":{"line":138,"column":29},"end":{"line":138,"column":39}},"line":138},"6":{"name":"(anonymous_6)","decl":{"start":{"line":139,"column":22},"end":{"line":139,"column":23}},"loc":{"start":{"line":139,"column":30},"end":{"line":142,"column":17}},"line":139},"7":{"name":"(anonymous_7)","decl":{"start":{"line":143,"column":23},"end":{"line":143,"column":24}},"loc":{"start":{"line":143,"column":29},"end":{"line":143,"column":32}},"line":143},"8":{"name":"(anonymous_8)","decl":{"start":{"line":150,"column":22},"end":{"line":150,"column":23}},"loc":{"start":{"line":150,"column":28},"end":{"line":165,"column":5}},"line":150},"9":{"name":"handleSubmit","decl":{"start":{"line":168,"column":19},"end":{"line":168,"column":31}},"loc":{"start":{"line":168,"column":64},"end":{"line":296,"column":5}},"line":168},"10":{"name":"(anonymous_10)","decl":{"start":{"line":298,"column":29},"end":{"line":298,"column":30}},"loc":{"start":{"line":298,"column":77},"end":{"line":310,"column":5}},"line":298},"11":{"name":"(anonymous_11)","decl":{"start":{"line":305,"column":27},"end":{"line":305,"column":28}},"loc":{"start":{"line":305,"column":33},"end":{"line":308,"column":9}},"line":305},"12":{"name":"(anonymous_12)","decl":{"start":{"line":312,"column":23},"end":{"line":312,"column":24}},"loc":{"start":{"line":312,"column":29},"end":{"line":316,"column":5}},"line":312},"13":{"name":"(anonymous_13)","decl":{"start":{"line":339,"column":53},"end":{"line":339,"column":54}},"loc":{"start":{"line":339,"column":59},"end":{"line":339,"column":82}},"line":339},"14":{"name":"(anonymous_14)","decl":{"start":{"line":371,"column":46},"end":{"line":371,"column":47}},"loc":{"start":{"line":371,"column":53},"end":{"line":371,"column":76}},"line":371},"15":{"name":"(anonymous_15)","decl":{"start":{"line":386,"column":50},"end":{"line":386,"column":51}},"loc":{"start":{"line":386,"column":57},"end":{"line":386,"column":104}},"line":386},"16":{"name":"(anonymous_16)","decl":{"start":{"line":393,"column":45},"end":{"line":393,"column":46}},"loc":{"start":{"line":394,"column":48},"end":{"line":396,"column":57}},"line":394},"17":{"name":"(anonymous_17)","decl":{"start":{"line":409,"column":46},"end":{"line":409,"column":47}},"loc":{"start":{"line":409,"column":53},"end":{"line":409,"column":77}},"line":409},"18":{"name":"(anonymous_18)","decl":{"start":{"line":423,"column":46},"end":{"line":423,"column":47}},"loc":{"start":{"line":423,"column":53},"end":{"line":423,"column":76}},"line":423},"19":{"name":"(anonymous_19)","decl":{"start":{"line":437,"column":46},"end":{"line":437,"column":47}},"loc":{"start":{"line":437,"column":53},"end":{"line":437,"column":80}},"line":437},"20":{"name":"(anonymous_20)","decl":{"start":{"line":451,"column":46},"end":{"line":451,"column":47}},"loc":{"start":{"line":451,"column":53},"end":{"line":451,"column":77}},"line":451},"21":{"name":"(anonymous_21)","decl":{"start":{"line":465,"column":46},"end":{"line":465,"column":47}},"loc":{"start":{"line":465,"column":53},"end":{"line":465,"column":76}},"line":465},"22":{"name":"(anonymous_22)","decl":{"start":{"line":479,"column":46},"end":{"line":479,"column":47}},"loc":{"start":{"line":479,"column":53},"end":{"line":479,"column":85}},"line":479},"23":{"name":"(anonymous_23)","decl":{"start":{"line":496,"column":50},"end":{"line":496,"column":51}},"loc":{"start":{"line":496,"column":57},"end":{"line":496,"column":95}},"line":496},"24":{"name":"(anonymous_24)","decl":{"start":{"line":503,"column":45},"end":{"line":503,"column":46}},"loc":{"start":{"line":504,"column":48},"end":{"line":506,"column":57}},"line":504},"25":{"name":"(anonymous_25)","decl":{"start":{"line":556,"column":46},"end":{"line":556,"column":47}},"loc":{"start":{"line":556,"column":53},"end":{"line":556,"column":77}},"line":556},"26":{"name":"(anonymous_26)","decl":{"start":{"line":568,"column":53},"end":{"line":568,"column":54}},"loc":{"start":{"line":568,"column":60},"end":{"line":570,"column":37}},"line":568},"27":{"name":"(anonymous_27)","decl":{"start":{"line":598,"column":45},"end":{"line":598,"column":46}},"loc":{"start":{"line":598,"column":57},"end":{"line":615,"column":37}},"line":598}},"branchMap":{"0":{"loc":{"start":{"line":62,"column":8},"end":{"line":62,"column":32}},"type":"if","locations":[{"start":{"line":62,"column":8},"end":{"line":62,"column":32}},{"start":{},"end":{}}],"line":62},"1":{"loc":{"start":{"line":71,"column":24},"end":{"line":71,"column":39}},"type":"binary-expr","locations":[{"start":{"line":71,"column":24},"end":{"line":71,"column":33}},{"start":{"line":71,"column":37},"end":{"line":71,"column":39}}],"line":71},"2":{"loc":{"start":{"line":72,"column":28},"end":{"line":72,"column":47}},"type":"binary-expr","locations":[{"start":{"line":72,"column":28},"end":{"line":72,"column":41}},{"start":{"line":72,"column":45},"end":{"line":72,"column":47}}],"line":72},"3":{"loc":{"start":{"line":73,"column":25},"end":{"line":73,"column":41}},"type":"binary-expr","locations":[{"start":{"line":73,"column":25},"end":{"line":73,"column":35}},{"start":{"line":73,"column":39},"end":{"line":73,"column":41}}],"line":73},"4":{"loc":{"start":{"line":74,"column":24},"end":{"line":74,"column":89}},"type":"cond-expr","locations":[{"start":{"line":74,"column":51},"end":{"line":74,"column":71}},{"start":{"line":74,"column":74},"end":{"line":74,"column":89}}],"line":74},"5":{"loc":{"start":{"line":74,"column":74},"end":{"line":74,"column":89}},"type":"binary-expr","locations":[{"start":{"line":74,"column":74},"end":{"line":74,"column":83}},{"start":{"line":74,"column":87},"end":{"line":74,"column":89}}],"line":74},"6":{"loc":{"start":{"line":75,"column":33},"end":{"line":75,"column":87}},"type":"cond-expr","locations":[{"start":{"line":75,"column":55},"end":{"line":75,"column":82}},{"start":{"line":75,"column":85},"end":{"line":75,"column":87}}],"line":75},"7":{"loc":{"start":{"line":77,"column":25},"end":{"line":77,"column":41}},"type":"binary-expr","locations":[{"start":{"line":77,"column":25},"end":{"line":77,"column":35}},{"start":{"line":77,"column":39},"end":{"line":77,"column":41}}],"line":77},"8":{"loc":{"start":{"line":78,"column":28},"end":{"line":78,"column":50}},"type":"binary-expr","locations":[{"start":{"line":78,"column":28},"end":{"line":78,"column":41}},{"start":{"line":78,"column":45},"end":{"line":78,"column":50}}],"line":78},"9":{"loc":{"start":{"line":80,"column":16},"end":{"line":84,"column":17}},"type":"if","locations":[{"start":{"line":80,"column":16},"end":{"line":84,"column":17}},{"start":{},"end":{}}],"line":80},"10":{"loc":{"start":{"line":87,"column":16},"end":{"line":90,"column":17}},"type":"if","locations":[{"start":{"line":87,"column":16},"end":{"line":90,"column":17}},{"start":{},"end":{}}],"line":87},"11":{"loc":{"start":{"line":96,"column":8},"end":{"line":112,"column":9}},"type":"if","locations":[{"start":{"line":96,"column":8},"end":{"line":112,"column":9}},{"start":{},"end":{}}],"line":96},"12":{"loc":{"start":{"line":100,"column":20},"end":{"line":100,"column":43}},"type":"binary-expr","locations":[{"start":{"line":100,"column":20},"end":{"line":100,"column":37}},{"start":{"line":100,"column":41},"end":{"line":100,"column":43}}],"line":100},"13":{"loc":{"start":{"line":101,"column":24},"end":{"line":101,"column":51}},"type":"binary-expr","locations":[{"start":{"line":101,"column":24},"end":{"line":101,"column":45}},{"start":{"line":101,"column":49},"end":{"line":101,"column":51}}],"line":101},"14":{"loc":{"start":{"line":102,"column":21},"end":{"line":102,"column":45}},"type":"binary-expr","locations":[{"start":{"line":102,"column":21},"end":{"line":102,"column":39}},{"start":{"line":102,"column":43},"end":{"line":102,"column":45}}],"line":102},"15":{"loc":{"start":{"line":103,"column":20},"end":{"line":103,"column":109}},"type":"cond-expr","locations":[{"start":{"line":103,"column":55},"end":{"line":103,"column":83}},{"start":{"line":103,"column":86},"end":{"line":103,"column":109}}],"line":103},"16":{"loc":{"start":{"line":103,"column":86},"end":{"line":103,"column":109}},"type":"binary-expr","locations":[{"start":{"line":103,"column":86},"end":{"line":103,"column":103}},{"start":{"line":103,"column":107},"end":{"line":103,"column":109}}],"line":103},"17":{"loc":{"start":{"line":104,"column":29},"end":{"line":104,"column":99}},"type":"cond-expr","locations":[{"start":{"line":104,"column":59},"end":{"line":104,"column":94}},{"start":{"line":104,"column":97},"end":{"line":104,"column":99}}],"line":104},"18":{"loc":{"start":{"line":106,"column":21},"end":{"line":106,"column":45}},"type":"binary-expr","locations":[{"start":{"line":106,"column":21},"end":{"line":106,"column":39}},{"start":{"line":106,"column":43},"end":{"line":106,"column":45}}],"line":106},"19":{"loc":{"start":{"line":107,"column":24},"end":{"line":107,"column":54}},"type":"binary-expr","locations":[{"start":{"line":107,"column":24},"end":{"line":107,"column":45}},{"start":{"line":107,"column":49},"end":{"line":107,"column":54}}],"line":107},"20":{"loc":{"start":{"line":109,"column":12},"end":{"line":111,"column":13}},"type":"if","locations":[{"start":{"line":109,"column":12},"end":{"line":111,"column":13}},{"start":{},"end":{}}],"line":109},"21":{"loc":{"start":{"line":118,"column":8},"end":{"line":118,"column":31}},"type":"if","locations":[{"start":{"line":118,"column":8},"end":{"line":118,"column":31}},{"start":{},"end":{}}],"line":118},"22":{"loc":{"start":{"line":120,"column":22},"end":{"line":120,"column":52}},"type":"binary-expr","locations":[{"start":{"line":120,"column":22},"end":{"line":120,"column":46}},{"start":{"line":120,"column":50},"end":{"line":120,"column":52}}],"line":120},"23":{"loc":{"start":{"line":122,"column":23},"end":{"line":122,"column":54}},"type":"binary-expr","locations":[{"start":{"line":122,"column":23},"end":{"line":122,"column":48}},{"start":{"line":122,"column":52},"end":{"line":122,"column":54}}],"line":122},"24":{"loc":{"start":{"line":123,"column":24},"end":{"line":123,"column":56}},"type":"binary-expr","locations":[{"start":{"line":123,"column":24},"end":{"line":123,"column":50}},{"start":{"line":123,"column":54},"end":{"line":123,"column":56}}],"line":123},"25":{"loc":{"start":{"line":124,"column":26},"end":{"line":124,"column":60}},"type":"binary-expr","locations":[{"start":{"line":124,"column":26},"end":{"line":124,"column":54}},{"start":{"line":124,"column":58},"end":{"line":124,"column":60}}],"line":124},"26":{"loc":{"start":{"line":125,"column":23},"end":{"line":125,"column":54}},"type":"binary-expr","locations":[{"start":{"line":125,"column":23},"end":{"line":125,"column":48}},{"start":{"line":125,"column":52},"end":{"line":125,"column":54}}],"line":125},"27":{"loc":{"start":{"line":127,"column":22},"end":{"line":127,"column":60}},"type":"cond-expr","locations":[{"start":{"line":127,"column":33},"end":{"line":127,"column":53}},{"start":{"line":127,"column":56},"end":{"line":127,"column":60}}],"line":127},"28":{"loc":{"start":{"line":128,"column":8},"end":{"line":128,"column":34}},"type":"if","locations":[{"start":{"line":128,"column":8},"end":{"line":128,"column":34}},{"start":{},"end":{}}],"line":128},"29":{"loc":{"start":{"line":129,"column":8},"end":{"line":129,"column":46}},"type":"if","locations":[{"start":{"line":129,"column":8},"end":{"line":129,"column":46}},{"start":{},"end":{}}],"line":129},"30":{"loc":{"start":{"line":130,"column":8},"end":{"line":130,"column":37}},"type":"if","locations":[{"start":{"line":130,"column":8},"end":{"line":130,"column":37}},{"start":{},"end":{}}],"line":130},"31":{"loc":{"start":{"line":131,"column":8},"end":{"line":131,"column":53}},"type":"if","locations":[{"start":{"line":131,"column":8},"end":{"line":131,"column":53}},{"start":{},"end":{}}],"line":131},"32":{"loc":{"start":{"line":132,"column":8},"end":{"line":132,"column":46}},"type":"if","locations":[{"start":{"line":132,"column":8},"end":{"line":132,"column":46}},{"start":{},"end":{}}],"line":132},"33":{"loc":{"start":{"line":133,"column":8},"end":{"line":133,"column":37}},"type":"if","locations":[{"start":{"line":133,"column":8},"end":{"line":133,"column":37}},{"start":{},"end":{}}],"line":133},"34":{"loc":{"start":{"line":134,"column":8},"end":{"line":144,"column":9}},"type":"if","locations":[{"start":{"line":134,"column":8},"end":{"line":144,"column":9}},{"start":{},"end":{}}],"line":134},"35":{"loc":{"start":{"line":140,"column":82},"end":{"line":140,"column":106}},"type":"binary-expr","locations":[{"start":{"line":140,"column":82},"end":{"line":140,"column":91}},{"start":{"line":140,"column":95},"end":{"line":140,"column":106}}],"line":140},"36":{"loc":{"start":{"line":145,"column":8},"end":{"line":147,"column":9}},"type":"if","locations":[{"start":{"line":145,"column":8},"end":{"line":147,"column":9}},{"start":{},"end":{}}],"line":145},"37":{"loc":{"start":{"line":172,"column":8},"end":{"line":176,"column":9}},"type":"if","locations":[{"start":{"line":172,"column":8},"end":{"line":176,"column":9}},{"start":{},"end":{}}],"line":172},"38":{"loc":{"start":{"line":177,"column":8},"end":{"line":181,"column":9}},"type":"if","locations":[{"start":{"line":177,"column":8},"end":{"line":181,"column":9}},{"start":{},"end":{}}],"line":177},"39":{"loc":{"start":{"line":177,"column":12},"end":{"line":177,"column":65}},"type":"binary-expr","locations":[{"start":{"line":177,"column":12},"end":{"line":177,"column":24}},{"start":{"line":177,"column":28},"end":{"line":177,"column":37}},{"start":{"line":177,"column":41},"end":{"line":177,"column":54}},{"start":{"line":177,"column":58},"end":{"line":177,"column":65}}],"line":177},"40":{"loc":{"start":{"line":185,"column":8},"end":{"line":268,"column":9}},"type":"if","locations":[{"start":{"line":185,"column":8},"end":{"line":268,"column":9}},{"start":{"line":251,"column":15},"end":{"line":268,"column":9}}],"line":185},"41":{"loc":{"start":{"line":186,"column":12},"end":{"line":190,"column":13}},"type":"if","locations":[{"start":{"line":186,"column":12},"end":{"line":190,"column":13}},{"start":{},"end":{}}],"line":186},"42":{"loc":{"start":{"line":193,"column":12},"end":{"line":196,"column":13}},"type":"if","locations":[{"start":{"line":193,"column":12},"end":{"line":196,"column":13}},{"start":{},"end":{}}],"line":193},"43":{"loc":{"start":{"line":197,"column":12},"end":{"line":200,"column":13}},"type":"if","locations":[{"start":{"line":197,"column":12},"end":{"line":200,"column":13}},{"start":{},"end":{}}],"line":197},"44":{"loc":{"start":{"line":201,"column":12},"end":{"line":204,"column":13}},"type":"if","locations":[{"start":{"line":201,"column":12},"end":{"line":204,"column":13}},{"start":{},"end":{}}],"line":201},"45":{"loc":{"start":{"line":205,"column":12},"end":{"line":208,"column":13}},"type":"if","locations":[{"start":{"line":205,"column":12},"end":{"line":208,"column":13}},{"start":{},"end":{}}],"line":205},"46":{"loc":{"start":{"line":209,"column":12},"end":{"line":212,"column":13}},"type":"if","locations":[{"start":{"line":209,"column":12},"end":{"line":212,"column":13}},{"start":{},"end":{}}],"line":209},"47":{"loc":{"start":{"line":209,"column":17},"end":{"line":209,"column":40}},"type":"binary-expr","locations":[{"start":{"line":209,"column":17},"end":{"line":209,"column":34}},{"start":{"line":209,"column":38},"end":{"line":209,"column":40}}],"line":209},"48":{"loc":{"start":{"line":213,"column":12},"end":{"line":216,"column":13}},"type":"if","locations":[{"start":{"line":213,"column":12},"end":{"line":216,"column":13}},{"start":{},"end":{}}],"line":213},"49":{"loc":{"start":{"line":213,"column":17},"end":{"line":213,"column":44}},"type":"binary-expr","locations":[{"start":{"line":213,"column":17},"end":{"line":213,"column":38}},{"start":{"line":213,"column":42},"end":{"line":213,"column":44}}],"line":213},"50":{"loc":{"start":{"line":217,"column":12},"end":{"line":220,"column":13}},"type":"if","locations":[{"start":{"line":217,"column":12},"end":{"line":220,"column":13}},{"start":{},"end":{}}],"line":217},"51":{"loc":{"start":{"line":217,"column":17},"end":{"line":217,"column":41}},"type":"binary-expr","locations":[{"start":{"line":217,"column":17},"end":{"line":217,"column":35}},{"start":{"line":217,"column":39},"end":{"line":217,"column":41}}],"line":217},"52":{"loc":{"start":{"line":221,"column":33},"end":{"line":221,"column":122}},"type":"cond-expr","locations":[{"start":{"line":221,"column":68},"end":{"line":221,"column":96}},{"start":{"line":221,"column":99},"end":{"line":221,"column":122}}],"line":221},"53":{"loc":{"start":{"line":221,"column":99},"end":{"line":221,"column":122}},"type":"binary-expr","locations":[{"start":{"line":221,"column":99},"end":{"line":221,"column":116}},{"start":{"line":221,"column":120},"end":{"line":221,"column":122}}],"line":221},"54":{"loc":{"start":{"line":222,"column":12},"end":{"line":225,"column":13}},"type":"if","locations":[{"start":{"line":222,"column":12},"end":{"line":225,"column":13}},{"start":{},"end":{}}],"line":222},"55":{"loc":{"start":{"line":226,"column":34},"end":{"line":226,"column":104}},"type":"cond-expr","locations":[{"start":{"line":226,"column":64},"end":{"line":226,"column":99}},{"start":{"line":226,"column":102},"end":{"line":226,"column":104}}],"line":226},"56":{"loc":{"start":{"line":227,"column":12},"end":{"line":230,"column":13}},"type":"if","locations":[{"start":{"line":227,"column":12},"end":{"line":230,"column":13}},{"start":{},"end":{}}],"line":227},"57":{"loc":{"start":{"line":231,"column":12},"end":{"line":234,"column":13}},"type":"if","locations":[{"start":{"line":231,"column":12},"end":{"line":234,"column":13}},{"start":{},"end":{}}],"line":231},"58":{"loc":{"start":{"line":236,"column":34},"end":{"line":236,"column":58}},"type":"binary-expr","locations":[{"start":{"line":236,"column":34},"end":{"line":236,"column":52}},{"start":{"line":236,"column":56},"end":{"line":236,"column":58}}],"line":236},"59":{"loc":{"start":{"line":237,"column":12},"end":{"line":240,"column":13}},"type":"if","locations":[{"start":{"line":237,"column":12},"end":{"line":240,"column":13}},{"start":{},"end":{}}],"line":237},"60":{"loc":{"start":{"line":241,"column":12},"end":{"line":244,"column":13}},"type":"if","locations":[{"start":{"line":241,"column":12},"end":{"line":244,"column":13}},{"start":{},"end":{}}],"line":241},"61":{"loc":{"start":{"line":246,"column":12},"end":{"line":250,"column":13}},"type":"if","locations":[{"start":{"line":246,"column":12},"end":{"line":250,"column":13}},{"start":{},"end":{}}],"line":246},"62":{"loc":{"start":{"line":256,"column":12},"end":{"line":256,"column":52}},"type":"if","locations":[{"start":{"line":256,"column":12},"end":{"line":256,"column":52}},{"start":{},"end":{}}],"line":256},"63":{"loc":{"start":{"line":257,"column":12},"end":{"line":257,"column":64}},"type":"if","locations":[{"start":{"line":257,"column":12},"end":{"line":257,"column":64}},{"start":{},"end":{}}],"line":257},"64":{"loc":{"start":{"line":258,"column":12},"end":{"line":258,"column":55}},"type":"if","locations":[{"start":{"line":258,"column":12},"end":{"line":258,"column":55}},{"start":{},"end":{}}],"line":258},"65":{"loc":{"start":{"line":259,"column":12},"end":{"line":259,"column":52}},"type":"if","locations":[{"start":{"line":259,"column":12},"end":{"line":259,"column":52}},{"start":{},"end":{}}],"line":259},"66":{"loc":{"start":{"line":260,"column":12},"end":{"line":260,"column":80}},"type":"if","locations":[{"start":{"line":260,"column":12},"end":{"line":260,"column":80}},{"start":{},"end":{}}],"line":260},"67":{"loc":{"start":{"line":263,"column":12},"end":{"line":263,"column":55}},"type":"if","locations":[{"start":{"line":263,"column":12},"end":{"line":263,"column":55}},{"start":{},"end":{}}],"line":263},"68":{"loc":{"start":{"line":265,"column":12},"end":{"line":267,"column":13}},"type":"if","locations":[{"start":{"line":265,"column":12},"end":{"line":267,"column":13}},{"start":{},"end":{}}],"line":265},"69":{"loc":{"start":{"line":271,"column":24},"end":{"line":271,"column":99}},"type":"cond-expr","locations":[{"start":{"line":271,"column":37},"end":{"line":271,"column":73}},{"start":{"line":271,"column":76},"end":{"line":271,"column":99}}],"line":271},"70":{"loc":{"start":{"line":273,"column":29},"end":{"line":283,"column":18}},"type":"cond-expr","locations":[{"start":{"line":274,"column":18},"end":{"line":278,"column":18}},{"start":{"line":279,"column":18},"end":{"line":283,"column":18}}],"line":273},"71":{"loc":{"start":{"line":284,"column":12},"end":{"line":290,"column":13}},"type":"if","locations":[{"start":{"line":284,"column":12},"end":{"line":290,"column":13}},{"start":{"line":288,"column":19},"end":{"line":290,"column":13}}],"line":284},"72":{"loc":{"start":{"line":300,"column":8},"end":{"line":300,"column":26}},"type":"if","locations":[{"start":{"line":300,"column":8},"end":{"line":300,"column":26}},{"start":{},"end":{}}],"line":300},"73":{"loc":{"start":{"line":335,"column":29},"end":{"line":335,"column":88}},"type":"cond-expr","locations":[{"start":{"line":335,"column":42},"end":{"line":335,"column":62}},{"start":{"line":335,"column":65},"end":{"line":335,"column":88}}],"line":335},"74":{"loc":{"start":{"line":358,"column":21},"end":{"line":362,"column":21}},"type":"binary-expr","locations":[{"start":{"line":358,"column":21},"end":{"line":358,"column":30}},{"start":{"line":359,"column":24},"end":{"line":361,"column":30}}],"line":358},"75":{"loc":{"start":{"line":528,"column":33},"end":{"line":550,"column":33}},"type":"binary-expr","locations":[{"start":{"line":528,"column":33},"end":{"line":528,"column":45}},{"start":{"line":529,"column":36},"end":{"line":549,"column":42}}],"line":528},"76":{"loc":{"start":{"line":532,"column":49},"end":{"line":532,"column":66}},"type":"binary-expr","locations":[{"start":{"line":532,"column":49},"end":{"line":532,"column":53}},{"start":{"line":532,"column":57},"end":{"line":532,"column":66}}],"line":532},"77":{"loc":{"start":{"line":543,"column":45},"end":{"line":547,"column":45}},"type":"binary-expr","locations":[{"start":{"line":543,"column":45},"end":{"line":543,"column":58}},{"start":{"line":544,"column":48},"end":{"line":546,"column":57}}],"line":543},"78":{"loc":{"start":{"line":565,"column":57},"end":{"line":565,"column":90}},"type":"cond-expr","locations":[{"start":{"line":565,"column":68},"end":{"line":565,"column":77}},{"start":{"line":565,"column":80},"end":{"line":565,"column":90}}],"line":565},"79":{"loc":{"start":{"line":589,"column":33},"end":{"line":589,"column":72}},"type":"cond-expr","locations":[{"start":{"line":589,"column":46},"end":{"line":589,"column":59}},{"start":{"line":589,"column":62},"end":{"line":589,"column":72}}],"line":589},"80":{"loc":{"start":{"line":591,"column":29},"end":{"line":619,"column":29}},"type":"binary-expr","locations":[{"start":{"line":591,"column":29},"end":{"line":591,"column":39}},{"start":{"line":592,"column":32},"end":{"line":618,"column":41}}],"line":591},"81":{"loc":{"start":{"line":599,"column":40},"end":{"line":599,"column":63}},"type":"if","locations":[{"start":{"line":599,"column":40},"end":{"line":599,"column":63}},{"start":{},"end":{}}],"line":599},"82":{"loc":{"start":{"line":601,"column":40},"end":{"line":601,"column":67}},"type":"if","locations":[{"start":{"line":601,"column":40},"end":{"line":601,"column":67}},{"start":{},"end":{}}],"line":601},"83":{"loc":{"start":{"line":605,"column":44},"end":{"line":611,"column":45}},"type":"if","locations":[{"start":{"line":605,"column":44},"end":{"line":611,"column":45}},{"start":{"line":609,"column":51},"end":{"line":611,"column":45}}],"line":605}},"s":{"0":0,"1":0,"2":0,"3":0,"4":0,"5":0,"6":0,"7":0,"8":0,"9":0,"10":0,"11":0,"12":0,"13":0,"14":0,"15":0,"16":0,"17":0,"18":0,"19":0,"20":0,"21":0,"22":0,"23":0,"24":0,"25":0,"26":0,"27":0,"28":0,"29":0,"30":0,"31":0,"32":0,"33":0,"34":0,"35":0,"36":0,"37":0,"38":0,"39":0,"40":0,"41":0,"42":0,"43":0,"44":0,"45":0,"46":0,"47":0,"48":0,"49":0,"50":0,"51":0,"52":0,"53":0,"54":0,"55":0,"56":0,"57":0,"58":0,"59":0,"60":0,"61":0,"62":0,"63":0,"64":0,"65":0,"66":0,"67":0,"68":0,"69":0,"70":0,"71":0,"72":0,"73":0,"74":0,"75":0,"76":0,"77":0,"78":0,"79":0,"80":0,"81":0,"82":0,"83":0,"84":0,"85":0,"86":0,"87":0,"88":0,"89":0,"90":0,"91":0,"92":0,"93":0,"94":0,"95":0,"96":0,"97":0,"98":0,"99":0,"100":0,"101":0,"102":0,"103":0,"104":0,"105":0,"106":0,"107":0,"108":0,"109":0,"110":0,"111":0,"112":0,"113":0,"114":0,"115":0,"116":0,"117":0,"118":0,"119":0,"120":0,"121":0,"122":0,"123":0,"124":0,"125":0,"126":0,"127":0,"128":0,"129":0,"130":0,"131":0,"132":0,"133":0,"134":0,"135":0,"136":0,"137":0,"138":0,"139":0,"140":0,"141":0,"142":0,"143":0,"144":0,"145":0,"146":0,"147":0,"148":0,"149":0,"150":0,"151":0,"152":0,"153":0,"154":0,"155":0,"156":0,"157":0,"158":0,"159":0,"160":0,"161":0,"162":0,"163":0,"164":0,"165":0,"166":0,"167":0,"168":0,"169":0,"170":0,"171":0,"172":0,"173":0,"174":0,"175":0,"176":0,"177":0,"178":0,"179":0,"180":0,"181":0,"182":0,"183":0,"184":0,"185":0,"186":0,"187":0,"188":0,"189":0,"190":0,"191":0,"192":0,"193":0,"194":0,"195":0,"196":0,"197":0,"198":0,"199":0,"200":0,"201":0,"202":0,"203":0,"204":0,"205":0,"206":0,"207":0,"208":0,"209":0,"210":0,"211":0,"212":0,"213":0,"214":0,"215":0,"216":0,"217":0,"218":0,"219":0,"220":0,"221":0,"222":0,"223":0,"224":0,"225":0,"226":0,"227":0,"228":0,"229":0,"230":0,"231":0,"232":0,"233":0,"234":0,"235":0,"236":0,"237":0,"238":0,"239":0,"240":0,"241":0,"242":0,"243":0,"244":0,"245":0,"246":0,"247":0,"248":0,"249":0},"f":{"0":0,"1":0,"2":0,"3":0,"4":0,"5":0,"6":0,"7":0,"8":0,"9":0,"10":0,"11":0,"12":0,"13":0,"14":0,"15":0,"16":0,"17":0,"18":0,"19":0,"20":0,"21":0,"22":0,"23":0,"24":0,"25":0,"26":0,"27":0},"b":{"0":[0,0],"1":[0,0],"2":[0,0],"3":[0,0],"4":[0,0],"5":[0,0],"6":[0,0],"7":[0,0],"8":[0,0],"9":[0,0],"10":[0,0],"11":[0,0],"12":[0,0],"13":[0,0],"14":[0,0],"15":[0,0],"16":[0,0],"17":[0,0],"18":[0,0],"19":[0,0],"20":[0,0],"21":[0,0],"22":[0,0],"23":[0,0],"24":[0,0],"25":[0,0],"26":[0,0],"27":[0,0],"28":[0,0],"29":[0,0],"30":[0,0],"31":[0,0],"32":[0,0],"33":[0,0],"34":[0,0],"35":[0,0],"36":[0,0],"37":[0,0],"38":[0,0],"39":[0,0,0,0],"40":[0,0],"41":[0,0],"42":[0,0],"43":[0,0],"44":[0,0],"45":[0,0],"46":[0,0],"47":[0,0],"48":[0,0],"49":[0,0],"50":[0,0],"51":[0,0],"52":[0,0],"53":[0,0],"54":[0,0],"55":[0,0],"56":[0,0],"57":[0,0],"58":[0,0],"59":[0,0],"60":[0,0],"61":[0,0],"62":[0,0],"63":[0,0],"64":[0,0],"65":[0,0],"66":[0,0],"67":[0,0],"68":[0,0],"69":[0,0],"70":[0,0],"71":[0,0],"72":[0,0],"73":[0,0],"74":[0,0],"75":[0,0],"76":[0,0],"77":[0,0],"78":[0,0],"79":[0,0],"80":[0,0],"81":[0,0],"82":[0,0],"83":[0,0]}}
,"/Users/yuhong/Desktop/sl/digitalCloset/fullstack-app/frontend/src/pages/AppLayout.tsx": {"path":"/Users/yuhong/Desktop/sl/digitalCloset/fullstack-app/frontend/src/pages/AppLayout.tsx","statementMap":{"0":{"start":{"line":14,"column":25},"end":{"line":14,"column":48}},"1":{"start":{"line":15,"column":21},"end":{"line":15,"column":34}},"2":{"start":{"line":16,"column":21},"end":{"line":23,"column":18}},"3":{"start":{"line":17,"column":8},"end":{"line":17,"column":34}},"4":{"start":{"line":17,"column":23},"end":{"line":17,"column":34}},"5":{"start":{"line":18,"column":8},"end":{"line":22,"column":22}},"6":{"start":{"line":20,"column":25},"end":{"line":20,"column":47}},"7":{"start":{"line":26,"column":8},"end":{"line":32,"column":9}},"8":{"start":{"line":27,"column":29},"end":{"line":27,"column":76}},"9":{"start":{"line":29,"column":12},"end":{"line":29,"column":26}},"10":{"start":{"line":31,"column":12},"end":{"line":31,"column":50}},"11":{"start":{"line":35,"column":23},"end":{"line":38,"column":6}},"12":{"start":{"line":35,"column":65},"end":{"line":38,"column":5}},"13":{"start":{"line":40,"column":4},"end":{"line":76,"column":6}}},"fnMap":{"0":{"name":"AppLayout","decl":{"start":{"line":13,"column":24},"end":{"line":13,"column":33}},"loc":{"start":{"line":13,"column":64},"end":{"line":77,"column":1}},"line":13},"1":{"name":"(anonymous_1)","decl":{"start":{"line":16,"column":29},"end":{"line":16,"column":30}},"loc":{"start":{"line":16,"column":35},"end":{"line":23,"column":5}},"line":16},"2":{"name":"(anonymous_2)","decl":{"start":{"line":20,"column":17},"end":{"line":20,"column":18}},"loc":{"start":{"line":20,"column":25},"end":{"line":20,"column":47}},"line":20},"3":{"name":"handleLogout","decl":{"start":{"line":25,"column":19},"end":{"line":25,"column":31}},"loc":{"start":{"line":25,"column":34},"end":{"line":33,"column":5}},"line":25},"4":{"name":"(anonymous_4)","decl":{"start":{"line":35,"column":23},"end":{"line":35,"column":24}},"loc":{"start":{"line":35,"column":65},"end":{"line":38,"column":5}},"line":35}},"branchMap":{"0":{"loc":{"start":{"line":17,"column":8},"end":{"line":17,"column":34}},"type":"if","locations":[{"start":{"line":17,"column":8},"end":{"line":17,"column":34}},{"start":{},"end":{}}],"line":17},"1":{"loc":{"start":{"line":36,"column":20},"end":{"line":36,"column":44}},"type":"cond-expr","locations":[{"start":{"line":36,"column":31},"end":{"line":36,"column":36}},{"start":{"line":36,"column":39},"end":{"line":36,"column":44}}],"line":36},"2":{"loc":{"start":{"line":37,"column":15},"end":{"line":37,"column":41}},"type":"cond-expr","locations":[{"start":{"line":37,"column":26},"end":{"line":37,"column":32}},{"start":{"line":37,"column":35},"end":{"line":37,"column":41}}],"line":37},"3":{"loc":{"start":{"line":73,"column":17},"end":{"line":73,"column":39}},"type":"binary-expr","locations":[{"start":{"line":73,"column":17},"end":{"line":73,"column":25}},{"start":{"line":73,"column":29},"end":{"line":73,"column":39}}],"line":73}},"s":{"0":0,"1":0,"2":0,"3":0,"4":0,"5":0,"6":0,"7":0,"8":0,"9":0,"10":0,"11":0,"12":0,"13":0},"f":{"0":0,"1":0,"2":0,"3":0,"4":0},"b":{"0":[0,0],"1":[0,0],"2":[0,0],"3":[0,0]}}
,"/Users/yuhong/Desktop/sl/digitalCloset/fullstack-app/frontend/src/pages/Assistant.tsx": {"path":"/Users/yuhong/Desktop/sl/digitalCloset/fullstack-app/frontend/src/pages/Assistant.tsx","statementMap":{"0":{"start":{"line":26,"column":28},"end":{"line":26,"column":46}},"1":{"start":{"line":27,"column":4},"end":{"line":27,"column":73}},"2":{"start":{"line":32,"column":4},"end":{"line":34,"column":37}},"3":{"start":{"line":33,"column":18},"end":{"line":33,"column":77}},"4":{"start":{"line":39,"column":21},"end":{"line":39,"column":34}},"5":{"start":{"line":40,"column":31},"end":{"line":40,"column":48}},"6":{"start":{"line":41,"column":36},"end":{"line":43,"column":6}},"7":{"start":{"line":44,"column":30},"end":{"line":44,"column":42}},"8":{"start":{"line":46,"column":46},"end":{"line":46,"column":73}},"9":{"start":{"line":48,"column":60},"end":{"line":48,"column":89}},"10":{"start":{"line":49,"column":28},"end":{"line":49,"column":64}},"11":{"start":{"line":53,"column":38},"end":{"line":53,"column":53}},"12":{"start":{"line":54,"column":48},"end":{"line":54,"column":138}},"13":{"start":{"line":55,"column":22},"end":{"line":55,"column":34}},"14":{"start":{"line":56,"column":26},"end":{"line":56,"column":61}},"15":{"start":{"line":57,"column":26},"end":{"line":57,"column":38}},"16":{"start":{"line":58,"column":46},"end":{"line":58,"column":61}},"17":{"start":{"line":59,"column":23},"end":{"line":59,"column":58}},"18":{"start":{"line":60,"column":28},"end":{"line":60,"column":65}},"19":{"start":{"line":63,"column":4},"end":{"line":71,"column":11}},"20":{"start":{"line":66,"column":8},"end":{"line":66,"column":33}},"21":{"start":{"line":67,"column":8},"end":{"line":70,"column":10}},"22":{"start":{"line":69,"column":12},"end":{"line":69,"column":38}},"23":{"start":{"line":73,"column":4},"end":{"line":79,"column":30}},"24":{"start":{"line":74,"column":26},"end":{"line":74,"column":47}},"25":{"start":{"line":75,"column":8},"end":{"line":75,"column":31}},"26":{"start":{"line":75,"column":24},"end":{"line":75,"column":31}},"27":{"start":{"line":76,"column":8},"end":{"line":78,"column":9}},"28":{"start":{"line":77,"column":12},"end":{"line":77,"column":57}},"29":{"start":{"line":81,"column":4},"end":{"line":91,"column":24}},"30":{"start":{"line":83,"column":12},"end":{"line":83,"column":39}},"31":{"start":{"line":83,"column":32},"end":{"line":83,"column":39}},"32":{"start":{"line":84,"column":27},"end":{"line":84,"column":47}},"33":{"start":{"line":85,"column":12},"end":{"line":87,"column":13}},"34":{"start":{"line":86,"column":16},"end":{"line":86,"column":40}},"35":{"start":{"line":89,"column":8},"end":{"line":89,"column":67}},"36":{"start":{"line":90,"column":8},"end":{"line":90,"column":83}},"37":{"start":{"line":90,"column":21},"end":{"line":90,"column":82}},"38":{"start":{"line":95,"column":8},"end":{"line":95,"column":47}},"39":{"start":{"line":95,"column":40},"end":{"line":95,"column":47}},"40":{"start":{"line":96,"column":26},"end":{"line":96,"column":31}},"41":{"start":{"line":97,"column":25},"end":{"line":97,"column":87}},"42":{"start":{"line":98,"column":32},"end":{"line":101,"column":9}},"43":{"start":{"line":102,"column":8},"end":{"line":102,"column":37}},"44":{"start":{"line":103,"column":8},"end":{"line":103,"column":21}},"45":{"start":{"line":104,"column":8},"end":{"line":104,"column":31}},"46":{"start":{"line":105,"column":8},"end":{"line":105,"column":38}},"47":{"start":{"line":106,"column":8},"end":{"line":108,"column":9}},"48":{"start":{"line":107,"column":12},"end":{"line":107,"column":47}},"49":{"start":{"line":109,"column":8},"end":{"line":109,"column":27}},"50":{"start":{"line":111,"column":8},"end":{"line":158,"column":9}},"51":{"start":{"line":112,"column":24},"end":{"line":112,"column":51}},"52":{"start":{"line":113,"column":29},"end":{"line":113,"column":43}},"53":{"start":{"line":114,"column":12},"end":{"line":114,"column":91}},"54":{"start":{"line":115,"column":12},"end":{"line":115,"column":49}},"55":{"start":{"line":116,"column":12},"end":{"line":116,"column":52}},"56":{"start":{"line":117,"column":12},"end":{"line":119,"column":13}},"57":{"start":{"line":118,"column":16},"end":{"line":118,"column":56}},"58":{"start":{"line":120,"column":29},"end":{"line":122,"column":14}},"59":{"start":{"line":123,"column":25},"end":{"line":123,"column":38}},"60":{"start":{"line":124,"column":27},"end":{"line":124,"column":39}},"61":{"start":{"line":125,"column":33},"end":{"line":125,"column":62}},"62":{"start":{"line":126,"column":30},"end":{"line":126,"column":52}},"63":{"start":{"line":127,"column":34},"end":{"line":127,"column":58}},"64":{"start":{"line":128,"column":36},"end":{"line":128,"column":62}},"65":{"start":{"line":129,"column":12},"end":{"line":129,"column":47}},"66":{"start":{"line":132,"column":12},"end":{"line":146,"column":13}},"67":{"start":{"line":134,"column":16},"end":{"line":145,"column":19}},"68":{"start":{"line":148,"column":12},"end":{"line":153,"column":13}},"69":{"start":{"line":149,"column":16},"end":{"line":152,"column":19}},"70":{"start":{"line":149,"column":36},"end":{"line":152,"column":17}},"71":{"start":{"line":155,"column":12},"end":{"line":157,"column":13}},"72":{"start":{"line":156,"column":16},"end":{"line":156,"column":36}},"73":{"start":{"line":161,"column":4},"end":{"line":562,"column":6}},"74":{"start":{"line":189,"column":39},"end":{"line":189,"column":164}},"75":{"start":{"line":231,"column":54},"end":{"line":231,"column":75}},"76":{"start":{"line":232,"column":36},"end":{"line":232,"column":59}},"77":{"start":{"line":232,"column":52},"end":{"line":232,"column":59}},"78":{"start":{"line":233,"column":54},"end":{"line":233,"column":56}},"79":{"start":{"line":234,"column":63},"end":{"line":234,"column":132}},"80":{"start":{"line":235,"column":36},"end":{"line":235,"column":92}},"81":{"start":{"line":240,"column":67},"end":{"line":240,"column":134}},"82":{"start":{"line":242,"column":40},"end":{"line":377,"column":41}},"83":{"start":{"line":243,"column":57},"end":{"line":243,"column":76}},"84":{"start":{"line":244,"column":60},"end":{"line":244,"column":92}},"85":{"start":{"line":245,"column":67},"end":{"line":249,"column":45}},"86":{"start":{"line":246,"column":62},"end":{"line":246,"column":71}},"87":{"start":{"line":247,"column":48},"end":{"line":247,"column":72}},"88":{"start":{"line":247,"column":59},"end":{"line":247,"column":72}},"89":{"start":{"line":248,"column":48},"end":{"line":248,"column":105}},"90":{"start":{"line":250,"column":62},"end":{"line":252,"column":105}},"91":{"start":{"line":253,"column":63},"end":{"line":255,"column":106}},"92":{"start":{"line":257,"column":48},"end":{"line":260,"column":69}},"93":{"start":{"line":261,"column":72},"end":{"line":263,"column":59}},"94":{"start":{"line":262,"column":65},"end":{"line":262,"column":83}},"95":{"start":{"line":264,"column":65},"end":{"line":275,"column":45}},"96":{"start":{"line":265,"column":69},"end":{"line":273,"column":49}},"97":{"start":{"line":274,"column":48},"end":{"line":274,"column":123}},"98":{"start":{"line":276,"column":66},"end":{"line":305,"column":45}},"99":{"start":{"line":277,"column":48},"end":{"line":277,"column":78}},"100":{"start":{"line":277,"column":71},"end":{"line":277,"column":78}},"101":{"start":{"line":278,"column":48},"end":{"line":304,"column":49}},"102":{"start":{"line":279,"column":69},"end":{"line":279,"column":83}},"103":{"start":{"line":280,"column":52},"end":{"line":280,"column":93}},"104":{"start":{"line":281,"column":52},"end":{"line":281,"column":101}},"105":{"start":{"line":282,"column":52},"end":{"line":282,"column":114}},"106":{"start":{"line":283,"column":52},"end":{"line":283,"column":117}},"107":{"start":{"line":284,"column":52},"end":{"line":284,"column":114}},"108":{"start":{"line":284,"column":71},"end":{"line":284,"column":114}},"109":{"start":{"line":285,"column":52},"end":{"line":285,"column":105}},"110":{"start":{"line":285,"column":68},"end":{"line":285,"column":105}},"111":{"start":{"line":286,"column":52},"end":{"line":290,"column":53}},"112":{"start":{"line":287,"column":69},"end":{"line":287,"column":122}},"113":{"start":{"line":287,"column":111},"end":{"line":287,"column":121}},"114":{"start":{"line":288,"column":69},"end":{"line":288,"column":145}},"115":{"start":{"line":289,"column":56},"end":{"line":289,"column":87}},"116":{"start":{"line":291,"column":52},"end":{"line":293,"column":55}},"117":{"start":{"line":294,"column":52},"end":{"line":294,"column":75}},"118":{"start":{"line":295,"column":52},"end":{"line":298,"column":55}},"119":{"start":{"line":295,"column":72},"end":{"line":298,"column":53}},"120":{"start":{"line":300,"column":52},"end":{"line":303,"column":55}},"121":{"start":{"line":300,"column":72},"end":{"line":303,"column":53}},"122":{"start":{"line":306,"column":63},"end":{"line":317,"column":45}},"123":{"start":{"line":307,"column":48},"end":{"line":307,"column":63}},"124":{"start":{"line":309,"column":63},"end":{"line":309,"column":84}},"125":{"start":{"line":310,"column":48},"end":{"line":310,"column":93}},"126":{"start":{"line":310,"column":63},"end":{"line":310,"column":93}},"127":{"start":{"line":311,"column":48},"end":{"line":311,"column":105}},"128":{"start":{"line":311,"column":67},"end":{"line":311,"column":105}},"129":{"start":{"line":312,"column":48},"end":{"line":312,"column":124}},"130":{"start":{"line":312,"column":89},"end":{"line":312,"column":124}},"131":{"start":{"line":313,"column":48},"end":{"line":313,"column":128}},"132":{"start":{"line":313,"column":91},"end":{"line":313,"column":128}},"133":{"start":{"line":314,"column":48},"end":{"line":314,"column":105}},"134":{"start":{"line":314,"column":67},"end":{"line":314,"column":105}},"135":{"start":{"line":315,"column":48},"end":{"line":315,"column":96}},"136":{"start":{"line":315,"column":64},"end":{"line":315,"column":96}},"137":{"start":{"line":316,"column":48},"end":{"line":316,"column":86}},"138":{"start":{"line":318,"column":44},"end":{"line":376,"column":46}},"139":{"start":{"line":378,"column":40},"end":{"line":405,"column":42}},"140":{"start":{"line":420,"column":44},"end":{"line":420,"column":60}},"141":{"start":{"line":421,"column":44},"end":{"line":421,"column":69}},"142":{"start":{"line":440,"column":55},"end":{"line":440,"column":86}},"143":{"start":{"line":440,"column":80},"end":{"line":440,"column":85}},"144":{"start":{"line":464,"column":52},"end":{"line":464,"column":76}},"145":{"start":{"line":465,"column":52},"end":{"line":465,"column":71}},"146":{"start":{"line":466,"column":52},"end":{"line":468,"column":53}},"147":{"start":{"line":467,"column":56},"end":{"line":467,"column":80}},"148":{"start":{"line":469,"column":52},"end":{"line":469,"column":85}},"149":{"start":{"line":482,"column":57},"end":{"line":482,"column":84}},"150":{"start":{"line":483,"column":44},"end":{"line":483,"column":67}},"151":{"start":{"line":484,"column":44},"end":{"line":487,"column":45}},"152":{"start":{"line":485,"column":48},"end":{"line":485,"column":78}},"153":{"start":{"line":486,"column":48},"end":{"line":486,"column":55}},"154":{"start":{"line":488,"column":59},"end":{"line":488,"column":75}},"155":{"start":{"line":489,"column":44},"end":{"line":492,"column":46}},"156":{"start":{"line":490,"column":63},"end":{"line":490,"column":119}},"157":{"start":{"line":491,"column":48},"end":{"line":491,"column":80}},"158":{"start":{"line":493,"column":44},"end":{"line":493,"column":71}},"159":{"start":{"line":506,"column":48},"end":{"line":506,"column":71}},"160":{"start":{"line":507,"column":48},"end":{"line":507,"column":64}},"161":{"start":{"line":508,"column":48},"end":{"line":508,"column":61}},"162":{"start":{"line":549,"column":36},"end":{"line":554,"column":42}}},"fnMap":{"0":{"name":"getMessages","decl":{"start":{"line":25,"column":9},"end":{"line":25,"column":20}},"loc":{"start":{"line":25,"column":75},"end":{"line":28,"column":1}},"line":25},"1":{"name":"messagesToPrompt","decl":{"start":{"line":31,"column":9},"end":{"line":31,"column":25}},"loc":{"start":{"line":31,"column":55},"end":{"line":35,"column":1}},"line":31},"2":{"name":"(anonymous_2)","decl":{"start":{"line":33,"column":13},"end":{"line":33,"column":14}},"loc":{"start":{"line":33,"column":18},"end":{"line":33,"column":77}},"line":33},"3":{"name":"Assistant","decl":{"start":{"line":38,"column":16},"end":{"line":38,"column":25}},"loc":{"start":{"line":38,"column":28},"end":{"line":563,"column":1}},"line":38},"4":{"name":"(anonymous_4)","decl":{"start":{"line":63,"column":14},"end":{"line":63,"column":15}},"loc":{"start":{"line":63,"column":20},"end":{"line":71,"column":5}},"line":63},"5":{"name":"(anonymous_5)","decl":{"start":{"line":67,"column":15},"end":{"line":67,"column":16}},"loc":{"start":{"line":67,"column":21},"end":{"line":70,"column":9}},"line":67},"6":{"name":"(anonymous_6)","decl":{"start":{"line":73,"column":14},"end":{"line":73,"column":15}},"loc":{"start":{"line":73,"column":20},"end":{"line":79,"column":5}},"line":73},"7":{"name":"(anonymous_7)","decl":{"start":{"line":81,"column":14},"end":{"line":81,"column":15}},"loc":{"start":{"line":81,"column":20},"end":{"line":91,"column":5}},"line":81},"8":{"name":"handleOutsideClick","decl":{"start":{"line":82,"column":17},"end":{"line":82,"column":35}},"loc":{"start":{"line":82,"column":55},"end":{"line":88,"column":9}},"line":82},"9":{"name":"(anonymous_9)","decl":{"start":{"line":90,"column":15},"end":{"line":90,"column":16}},"loc":{"start":{"line":90,"column":21},"end":{"line":90,"column":82}},"line":90},"10":{"name":"sendMessage","decl":{"start":{"line":93,"column":19},"end":{"line":93,"column":30}},"loc":{"start":{"line":93,"column":33},"end":{"line":159,"column":5}},"line":93},"11":{"name":"(anonymous_11)","decl":{"start":{"line":149,"column":28},"end":{"line":149,"column":29}},"loc":{"start":{"line":149,"column":36},"end":{"line":152,"column":17}},"line":149},"12":{"name":"(anonymous_12)","decl":{"start":{"line":189,"column":33},"end"
[...]
":14},"end":{"line":31,"column":15}},"loc":{"start":{"line":31,"column":20},"end":{"line":56,"column":5}},"line":31},"2":{"name":"(anonymous_2)","decl":{"start":{"line":41,"column":18},"end":{"line":41,"column":19}},"loc":{"start":{"line":41,"column":32},"end":{"line":45,"column":13}},"line":41},"3":{"name":"(anonymous_3)","decl":{"start":{"line":46,"column":19},"end":{"line":46,"column":20}},"loc":{"start":{"line":46,"column":30},"end":{"line":51,"column":13}},"line":46},"4":{"name":"(anonymous_4)","decl":{"start":{"line":53,"column":15},"end":{"line":53,"column":16}},"loc":{"start":{"line":53,"column":21},"end":{"line":55,"column":9}},"line":53},"5":{"name":"(anonymous_5)","decl":{"start":{"line":61,"column":56},"end":{"line":61,"column":57}},"loc":{"start":{"line":61,"column":62},"end":{"line":61,"column":74}},"line":61},"6":{"name":"(anonymous_6)","decl":{"start":{"line":127,"column":45},"end":{"line":127,"column":46}},"loc":{"start":{"line":127,"column":57},"end":{"line":143,"column":37}},"line":127},"7":{"name":"(anonymous_7)","decl":{"start":{"line":152,"column":45},"end":{"line":152,"column":46}},"loc":{"start":{"line":152,"column":57},"end":{"line":175,"column":37}},"line":152},"8":{"name":"(anonymous_8)","decl":{"start":{"line":184,"column":45},"end":{"line":184,"column":46}},"loc":{"start":{"line":184,"column":51},"end":{"line":184,"column":80}},"line":184},"9":{"name":"(anonymous_9)","decl":{"start":{"line":193,"column":45},"end":{"line":193,"column":46}},"loc":{"start":{"line":193,"column":57},"end":{"line":205,"column":37}},"line":193},"10":{"name":"(anonymous_10)","decl":{"start":{"line":285,"column":55},"end":{"line":285,"column":56}},"loc":{"start":{"line":285,"column":71},"end":{"line":303,"column":41}},"line":285}},"branchMap":{"0":{"loc":{"start":{"line":32,"column":8},"end":{"line":35,"column":9}},"type":"if","locations":[{"start":{"line":32,"column":8},"end":{"line":35,"column":9}},{"start":{},"end":{}}],"line":32},"1":{"loc":{"start":{"line":42,"column":16},"end":{"line":42,"column":39}},"type":"if","locations":[{"start":{"line":42,"column":16},"end":{"line":42,"column":39}},{"start":{},"end":{}}],"line":42},"2":{"loc":{"start":{"line":43,"column":24},"end":{"line":43,"column":45}},"type":"binary-expr","locations":[{"start":{"line":43,"column":24},"end":{"line":43,"column":37}},{"start":{"line":43,"column":41},"end":{"line":43,"column":45}}],"line":43},"3":{"loc":{"start":{"line":48,"column":16},"end":{"line":48,"column":39}},"type":"if","locations":[{"start":{"line":48,"column":16},"end":{"line":48,"column":39}},{"start":{},"end":{}}],"line":48},"4":{"loc":{"start":{"line":67,"column":17},"end":{"line":71,"column":17}},"type":"binary-expr","locations":[{"start":{"line":67,"column":17},"end":{"line":67,"column":37}},{"start":{"line":68,"column":20},"end":{"line":70,"column":26}}],"line":67},"5":{"loc":{"start":{"line":72,"column":17},"end":{"line":81,"column":17}},"type":"binary-expr","locations":[{"start":{"line":72,"column":17},"end":{"line":72,"column":35}},{"start":{"line":73,"column":20},"end":{"line":80,"column":26}}],"line":72},"6":{"loc":{"start":{"line":82,"column":17},"end":{"line":318,"column":17}},"type":"binary-expr","locations":[{"start":{"line":82,"column":17},"end":{"line":82,"column":35}},{"start":{"line":82,"column":39},"end":{"line":82,"column":43}},{"start":{"line":83,"column":20},"end":{"line":317,"column":27}}],"line":82},"7":{"loc":{"start":{"line":93,"column":33},"end":{"line":104,"column":33}},"type":"cond-expr","locations":[{"start":{"line":94,"column":36},"end":{"line":94,"column":143}},{"start":{"line":96,"column":36},"end":{"line":103,"column":43}}],"line":93},"8":{"loc":{"start":{"line":145,"column":37},"end":{"line":145,"column":80}},"type":"cond-expr","locations":[{"start":{"line":145,"column":53},"end":{"line":145,"column":65}},{"start":{"line":145,"column":68},"end":{"line":145,"column":80}}],"line":145},"9":{"loc":{"start":{"line":156,"column":67},"end":{"line":156,"column":87}},"type":"binary-expr","locations":[{"start":{"line":156,"column":67},"end":{"line":156,"column":82}},{"start":{"line":156,"column":86},"end":{"line":156,"column":87}}],"line":156},"10":{"loc":{"start":{"line":195,"column":40},"end":{"line":195,"column":67}},"type":"if","locations":[{"start":{"line":195,"column":40},"end":{"line":195,"column":67}},{"start":{},"end":{}}],"line":195},"11":{"loc":{"start":{"line":220,"column":41},"end":{"line":220,"column":61}},"type":"binary-expr","locations":[{"start":{"line":220,"column":41},"end":{"line":220,"column":54}},{"start":{"line":220,"column":58},"end":{"line":220,"column":61}}],"line":220},"12":{"loc":{"start":{"line":226,"column":41},"end":{"line":226,"column":58}},"type":"binary-expr","locations":[{"start":{"line":226,"column":41},"end":{"line":226,"column":51}},{"start":{"line":226,"column":55},"end":{"line":226,"column":58}}],"line":226},"13":{"loc":{"start":{"line":232,"column":41},"end":{"line":232,"column":57}},"type":"binary-expr","locations":[{"start":{"line":232,"column":41},"end":{"line":232,"column":50}},{"start":{"line":232,"column":54},"end":{"line":232,"column":57}}],"line":232},"14":{"loc":{"start":{"line":238,"column":41},"end":{"line":238,"column":61}},"type":"binary-expr","locations":[{"start":{"line":238,"column":41},"end":{"line":238,"column":54}},{"start":{"line":238,"column":58},"end":{"line":238,"column":61}}],"line":238},"15":{"loc":{"start":{"line":244,"column":41},"end":{"line":244,"column":58}},"type":"binary-expr","locations":[{"start":{"line":244,"column":41},"end":{"line":244,"column":51}},{"start":{"line":244,"column":55},"end":{"line":244,"column":58}}],"line":244},"16":{"loc":{"start":{"line":250,"column":41},"end":{"line":250,"column":59}},"type":"binary-expr","locations":[{"start":{"line":250,"column":41},"end":{"line":250,"column":52}},{"start":{"line":250,"column":56},"end":{"line":250,"column":59}}],"line":250},"17":{"loc":{"start":{"line":256,"column":41},"end":{"line":256,"column":125}},"type":"cond-expr","locations":[{"start":{"line":256,"column":83},"end":{"line":256,"column":119}},{"start":{"line":256,"column":122},"end":{"line":256,"column":125}}],"line":256},"18":{"loc":{"start":{"line":262,"column":41},"end":{"line":262,"column":100}},"type":"cond-expr","locations":[{"start":{"line":262,"column":79},"end":{"line":262,"column":94}},{"start":{"line":262,"column":97},"end":{"line":262,"column":100}}],"line":262},"19":{"loc":{"start":{"line":268,"column":41},"end":{"line":268,"column":115}},"type":"cond-expr","locations":[{"start":{"line":268,"column":61},"end":{"line":268,"column":109}},{"start":{"line":268,"column":112},"end":{"line":268,"column":115}}],"line":268},"20":{"loc":{"start":{"line":274,"column":41},"end":{"line":274,"column":111}},"type":"cond-expr","locations":[{"start":{"line":274,"column":59},"end":{"line":274,"column":105}},{"start":{"line":274,"column":108},"end":{"line":274,"column":111}}],"line":274},"21":{"loc":{"start":{"line":281,"column":29},"end":{"line":306,"column":29}},"type":"binary-expr","locations":[{"start":{"line":281,"column":29},"end":{"line":281,"column":38}},{"start":{"line":281,"column":42},"end":{"line":281,"column":62}},{"start":{"line":282,"column":32},"end":{"line":305,"column":39}}],"line":281},"22":{"loc":{"start":{"line":308,"column":29},"end":{"line":315,"column":29}},"type":"binary-expr","locations":[{"start":{"line":308,"column":29},"end":{"line":308,"column":39}},{"start":{"line":309,"column":32},"end":{"line":314,"column":38}}],"line":308}},"s":{"0":0,"1":0,"2":0,"3":0,"4":0,"5":0,"6":0,"7":0,"8":0,"9":0,"10":0,"11":0,"12":0,"13":0,"14":0,"15":0,"16":0,"17":0,"18":0,"19":0,"20":0,"21":0,"22":0,"23":0,"24":0,"25":0,"26":0,"27":0,"28":0,"29":0,"30":0,"31":0,"32":0,"33":0,"34":0,"35":0,"36":0,"37":0,"38":0,"39":0,"40":0,"41":0,"42":0,"43":0,"44":0,"45":0,"46":0,"47":0,"48":0,"49":0,"50":0,"51":0,"52":0,"53":0,"54":0,"55":0,"56":0},"f":{"0":0,"1":0,"2":0,"3":0,"4":0,"5":0,"6":0,"7":0,"8":0,"9":0,"10":0},"b":{"0":[0,0],"1":[0,0],"2":[0,0],"3":[0,0],"4":[0,0],"5":[0,0],"6":[0,0,0],"7":[0,0],"8":[0,0],"9":[0,0],"10":[0,0],"11":[0,0],"12":[0,0],"13":[0,0],"14":[0,0],"15":[0,0],"16":[0,0],"17":[0,0],"18":[0,0],"19":[0,0],"20":[0,0],"21":[0,0,0],"22":[0,0]}}
,"/Users/yuhong/Desktop/sl/digitalCloset/fullstack-app/frontend/src/pages/Home.tsx": {"path":"/Users/yuhong/Desktop/sl/digitalCloset/fullstack-app/frontend/src/pages/Home.tsx","statementMap":{"0":{"start":{"line":7,"column":21},"end":{"line":7,"column":34}},"1":{"start":{"line":8,"column":4},"end":{"line":20,"column":6}},"2":{"start":{"line":15,"column":35},"end":{"line":15,"column":53}}},"fnMap":{"0":{"name":"HomePage","decl":{"start":{"line":6,"column":16},"end":{"line":6,"column":24}},"loc":{"start":{"line":6,"column":27},"end":{"line":21,"column":1}},"line":6},"1":{"name":"(anonymous_1)","decl":{"start":{"line":15,"column":29},"end":{"line":15,"column":30}},"loc":{"start":{"line":15,"column":35},"end":{"line":15,"column":53}},"line":15}},"branchMap":{},"s":{"0":2,"1":2,"2":1},"f":{"0":2,"1":1},"b":{},"_coverageSchema":"1a1c01bbd47fc00a2c39e90264f33305004495a9","hash":"b24ead67a387554a3ca13f96737f08e3c416cb0a"}
,"/Users/yuhong/Desktop/sl/digitalCloset/fullstack-app/frontend/src/pages/Outfits.tsx": {"path":"/Users/yuhong/Desktop/sl/digitalCloset/fullstack-app/frontend/src/pages/Outfits.tsx","statementMap":{"0":{"start":{"line":20,"column":42},"end":{"line":20,"column":54}},"1":{"start":{"line":21,"column":50},"end":{"line":21,"column":65}},"2":{"start":{"line":23,"column":4},"end":{"line":316,"column":6}},"3":{"start":{"line":91,"column":56},"end":{"line":102,"column":62}},"4":{"start":{"line":185,"column":45},"end":{"line":185,"column":75}},"5":{"start":{"line":186,"column":43},"end":{"line":186,"column":67}},"6":{"start":{"line":187,"column":42},"end":{"line":187,"column":67}},"7":{"start":{"line":194,"column":56},"end":{"line":194,"column":78}},"8":{"start":{"line":195,"column":47},"end":{"line":195,"column":65}}},"fnMap":{"0":{"name":"Outfits","decl":{"start":{"line":19,"column":16},"end":{"line":19,"column":23}},"loc":{"start":{"line":19,"column":26},"end":{"line":317,"column":1}},"line":19},"1":{"name":"(anonymous_1)","decl":{"start":{"line":90,"column":88},"end":{"line":90,"column":89}},"loc":{"start":{"line":91,"column":56},"end":{"line":102,"column":62}},"line":91},"2":{"name":"(anonymous_2)","decl":{"start":{"line":185,"column":38},"end":{"line":185,"column":39}},"loc":{"start":{"line":185,"column":45},"end":{"line":185,"column":75}},"line":185},"3":{"name":"(anonymous_3)","decl":{"start":{"line":186,"column":37},"end":{"line":186,"column":38}},"loc":{"start":{"line":186,"column":43},"end":{"line":186,"column":67}},"line":186},"4":{"name":"(anonymous_4)","decl":{"start":{"line":187,"column":36},"end":{"line":187,"column":37}},"loc":{"start":{"line":187,"column":42},"end":{"line":187,"column":67}},"line":187},"5":{"name":"(anonymous_5)","decl":{"start":{"line":194,"column":45},"end":{"line":194,"column":46}},"loc":{"start":{"line":194,"column":56},"end":{"line":194,"column":78}},"line":194},"6":{"name":"(anonymous_6)","decl":{"start":{"line":195,"column":41},"end":{"line":195,"column":42}},"loc":{"start":{"line":195,"column":47},"end":{"line":195,"column":65}},"line":195}},"branchMap":{"0":{"loc":{"start":{"line":189,"column":25},"end":{"line":200,"column":25}},"type":"binary-expr","locations":[{"start":{"line":189,"column":25},"end":{"line":189,"column":40}},{"start":{"line":189,"column":44},"end":{"line":189,"column":66}},{"start":{"line":190,"column":28},"end":{"line":199,"column":37}}],"line":189}},"s":{"0":0,"1":0,"2":0,"3":0,"4":0,"5":0,"6":0,"7":0,"8":0},"f":{"0":0,"1":0,"2":0,"3":0,"4":0,"5":0,"6":0},"b":{"0":[0,0,0]}}
,"/Users/yuhong/Desktop/sl/digitalCloset/fullstack-app/frontend/src/pages/Settings.tsx": {"path":"/Users/yuhong/Desktop/sl/digitalCloset/fullstack-app/frontend/src/pages/Settings.tsx","statementMap":{"0":{"start":{"line":4,"column":4},"end":{"line":9,"column":12}}},"fnMap":{"0":{"name":"Settings","decl":{"start":{"line":3,"column":16},"end":{"line":3,"column":24}},"loc":{"start":{"line":3,"column":27},"end":{"line":10,"column":1}},"line":3}},"branchMap":{},"s":{"0":0},"f":{"0":0},"b":{}}
,"/Users/yuhong/Desktop/sl/digitalCloset/fullstack-app/frontend/src/pages/login.tsx": {"path":"/Users/yuhong/Desktop/sl/digitalCloset/fullstack-app/frontend/src/pages/login.tsx","statementMap":{"0":{"start":{"line":13,"column":21},"end":{"line":13,"column":34}},"1":{"start":{"line":14,"column":36},"end":{"line":14,"column":48}},"2":{"start":{"line":15,"column":36},"end":{"line":15,"column":48}},"3":{"start":{"line":16,"column":30},"end":{"line":16,"column":42}},"4":{"start":{"line":17,"column":32},"end":{"line":17,"column":49}},"5":{"start":{"line":18,"column":55},"end":{"line":18,"column":78}},"6":{"start":{"line":19,"column":44},"end":{"line":19,"column":56}},"7":{"start":{"line":22,"column":8},"end":{"line":22,"column":28}},"8":{"start":{"line":23,"column":8},"end":{"line":23,"column":28}},"9":{"start":{"line":24,"column":8},"end":{"line":42,"column":9}},"10":{"start":{"line":25,"column":24},"end":{"line":25,"column":75}},"11":{"start":{"line":26,"column":28},"end":{"line":28,"column":47}},"12":{"start":{"line":30,"column":29},"end":{"line":30,"column":79}},"13":{"start":{"line":32,"column":12},"end":{"line":38,"column":13}},"14":{"start":{"line":33,"column":16},"end":{"line":33,"column":45}},"15":{"start":{"line":34,"column":16},"end":{"line":34,"column":44}},"16":{"start":{"line":35,"column":16},"end":{"line":35,"column":36}},"17":{"start":{"line":37,"column":16},"end":{"line":37,"column":78}},"18":{"start":{"line":41,"column":12},"end":{"line":41,"column":89}},"19":{"start":{"line":45,"column":4},"end":{"line":170,"column":6}},"20":{"start":{"line":97,"column":56},"end":{"line":97,"column":84}},"21":{"start":{"line":115,"column":56},"end":{"line":115,"column":84}},"22":{"start":{"line":133,"column":56},"end":{"line":133,"column":81}},"23":{"start":{"line":157,"column":47},"end":{"line":157,"column":97}},"24":{"start":{"line":164,"column":64},"end":{"line":164,"column":77}}},"fnMap":{"0":{"name":"Login","decl":{"start":{"line":12,"column":16},"end":{"line":12,"column":21}},"loc":{"start":{"line":12,"column":24},"end":{"line":171,"column":1}},"line":12},"1":{"name":"handleSubmit","decl":{"start":{"line":21,"column":19},"end":{"line":21,"column":31}},"loc":{"start":{"line":21,"column":53},"end":{"line":43,"column":5}},"line":21},"2":{"name":"(anonymous_2)","decl":{"start":{"line":97,"column":50},"end":{"line":97,"column":51}},"loc":{"start":{"line":97,"column":56},"end":{"line":97,"column":84}},"line":97},"3":{"name":"(anonymous_3)","decl":{"start":{"line":115,"column":50},"end":{"line":115,"column":51}},"loc":{"start":{"line":115,"column":56},"end":{"line":115,"column":84}},"line":115},"4":{"name":"(anonymous_4)","decl":{"start":{"line":133,"column":50},"end":{"line":133,"column":51}},"loc":{"start":{"line":133,"column":56},"end":{"line":133,"column":81}},"line":133},"5":{"name":"(anonymous_5)","decl":{"start":{"line":157,"column":41},"end":{"line":157,"column":42}},"loc":{"start":{"line":157,"column":47},"end":{"line":157,"column":97}},"line":157},"6":{"name":"(anonymous_6)","decl":{"start":{"line":164,"column":56},"end":{"line":164,"column":57}},"loc":{"start":{"line":164,"column":62},"end":{"line":164,"column":79}},"line":164}},"branchMap":{"0":{"loc":{"start":{"line":25,"column":24},"end":{"line":25,"column":75}},"type":"cond-expr","locations":[{"start":{"line":25,"column":45},"end":{"line":25,"column":58}},{"start":{"line":25,"column":61},"end":{"line":25,"column":75}}],"line":25},"1":{"loc":{"start":{"line":26,"column":28},"end":{"line":28,"column":47}},"type":"cond-expr","locations":[{"start":{"line":27,"column":18},"end":{"line":27,"column":40}},{"start":{"line":28,"column":18},"end":{"line":28,"column":47}}],"line":26},"2":{"loc":{"start":{"line":32,"column":12},"end":{"line":38,"column":13}},"type":"if","locations":[{"start":{"line":32,"column":12},"end":{"line":38,"column":13}},{"start":{"line":36,"column":19},"end":{"line":38,"column":13}}],"line":32},"3":{"loc":{"start":{"line":37,"column":32},"end":{"line":37,"column":76}},"type":"binary-expr","locations":[{"start":{"line":37,"column":32},"end":{"line":37,"column":53}},{"start":{"line":37,"column":57},"end":{"line":37,"column":76}}],"line":37},"4":{"loc":{"start":{"line":41,"column":28},"end":{"line":41,"column":87}},"type":"binary-expr","locations":[{"start":{"line":41,"column":28},"end":{"line":41,"column":64}},{"start":{"line":41,"column":68},"end":{"line":41,"column":87}}],"line":41},"5":{"loc":{"start":{"line":71,"column":25},"end":{"line":71,"column":84}},"type":"cond-expr","locations":[{"start":{"line":71,"column":46},"end":{"line":71,"column":60}},{"start":{"line":71,"column":63},"end":{"line":71,"column":84}}],"line":71},"6":{"loc":{"start":{"line":74,"column":25},"end":{"line":76,"column":76}},"type":"cond-expr","locations":[{"start":{"line":75,"column":30},"end":{"line":75,"column":70}},{"start":{"line":76,"column":30},"end":{"line":76,"column":76}}],"line":74},"7":{"loc":{"start":{"line":79,"column":21},"end":{"line":83,"column":21}},"type":"binary-expr","locations":[{"start":{"line":79,"column":21},"end":{"line":79,"column":33}},{"start":{"line":80,"column":24},"end":{"line":82,"column":30}}],"line":79},"8":{"loc":{"start":{"line":125,"column":43},"end":{"line":125,"column":93}},"type":"binary-expr","locations":[{"start":{"line":125,"column":43},"end":{"line":125,"column":62}},{"start":{"line":125,"column":66},"end":{"line":125,"column":93}}],"line":125},"9":{"loc":{"start":{"line":152,"column":33},"end":{"line":152,"column":73}},"type":"cond-expr","locations":[{"start":{"line":152,"column":54},"end":{"line":152,"column":61}},{"start":{"line":152,"column":64},"end":{"line":152,"column":73}}],"line":152},"10":{"loc":{"start":{"line":157,"column":57},"end":{"line":157,"column":96}},"type":"cond-expr","locations":[{"start":{"line":157,"column":78},"end":{"line":157,"column":86}},{"start":{"line":157,"column":89},"end":{"line":157,"column":96}}],"line":157},"11":{"loc":{"start":{"line":159,"column":33},"end":{"line":159,"column":93}},"type":"cond-expr","locations":[{"start":{"line":159,"column":54},"end":{"line":159,"column":73}},{"start":{"line":159,"column":76},"end":{"line":159,"column":93}}],"line":159}},"s":{"0":42,"1":42,"2":42,"3":42,"4":42,"5":42,"6":42,"7":2,"8":2,"9":2,"10":2,"11":2,"12":2,"13":1,"14":1,"15":1,"16":1,"17":0,"18":1,"19":42,"20":10,"21":23,"22":0,"23":1,"24":0},"f":{"0":42,"1":2,"2":10,"3":23,"4":0,"5":1,"6":0},"b":{"0":[2,0],"1":[2,0],"2":[1,0],"3":[0,0],"4":[1,0],"5":[41,1],"6":[41,1],"7":[42,1],"8":[42,1],"9":[41,1],"10":[1,0],"11":[41,1]},"_coverageSchema":"1a1c01bbd47fc00a2c39e90264f33305004495a9","hash":"687ed6ebbc23c3da41302f83254eb18e1b6bc63b"}
,"/Users/yuhong/Desktop/sl/digitalCloset/fullstack-app/frontend/src/test-utils/renderWithProviders.tsx": {"path":"/Users/yuhong/Desktop/sl/digitalCloset/fullstack-app/frontend/src/test-utils/renderWithProviders.tsx","statementMap":{"0":{"start":{"line":10,"column":18},"end":{"line":16,"column":1}},"1":{"start":{"line":11,"column":2},"end":{"line":15,"column":4}},"2":{"start":{"line":18,"column":35},"end":{"line":21,"column":51}},"3":{"start":{"line":21,"column":5},"end":{"line":21,"column":51}}},"fnMap":{"0":{"name":"(anonymous_0)","decl":{"start":{"line":10,"column":18},"end":{"line":10,"column":19}},"loc":{"start":{"line":10,"column":61},"end":{"line":16,"column":1}},"line":10},"1":{"name":"(anonymous_1)","decl":{"start":{"line":18,"column":35},"end":{"line":18,"column":36}},"loc":{"start":{"line":21,"column":5},"end":{"line":21,"column":51}},"line":21}},"branchMap":{},"s":{"0":2,"1":7,"2":2,"3":7},"f":{"0":7,"1":7},"b":{},"_coverageSchema":"1a1c01bbd47fc00a2c39e90264f33305004495a9","hash":"fa3d1ff559558f753343ad45fa74ef0fcaa683c1"}
}
