TN:
SF:src/App.tsx
FN:21,App
FNF:1
FNH:0
FNDA:0,App
DA:17,0
DA:19,0
DA:22,0
LF:3
LH:0
BRF:0
BRH:0
end_of_record
TN:
SF:src/config.ts
FN:4,(anonymous_0)
FNF:1
FNH:1
FNDA:3,(anonymous_0)
DA:4,3
DA:6,3
DA:7,0
DA:9,0
DA:13,3
DA:14,0
DA:18,3
DA:21,3
DA:23,3
DA:24,0
LF:10
LH:6
BRDA:6,0,0,0
BRDA:6,0,1,3
BRDA:9,1,0,0
BRDA:9,1,1,0
BRDA:13,2,0,0
BRDA:13,2,1,3
BRDA:23,3,0,0
BRDA:23,3,1,3
BRF:8
BRH:3
end_of_record
TN:
SF:src/index.js
FNF:0
FNH:0
DA:8,0
DA:10,0
DA:11,0
DA:14,0
DA:16,0
LF:5
LH:0
BRDA:10,0,0,0
BRDA:10,0,1,0
BRF:2
BRH:0
end_of_record
TN:
SF:src/theme.ts
FNF:0
FNH:0
DA:3,4
DA:52,4
DA:54,4
LF:3
LH:3
BRF:0
BRH:0
end_of_record
TN:
SF:src/components/ClothContext.tsx
FN:40,(anonymous_0)
FN:42,(anonymous_1)
FN:48,ClothContextProvider
FN:58,(anonymous_3)
FN:63,(anonymous_4)
FN:101,(anonymous_5)
FNF:6
FNH:0
FNDA:0,(anonymous_0)
FNDA:0,(anonymous_1)
FNDA:0,ClothContextProvider
FNDA:0,(anonymous_3)
FNDA:0,(anonymous_4)
FNDA:0,(anonymous_5)
DA:38,1
DA:49,0
DA:50,0
DA:51,0
DA:52,0
DA:53,0
DA:54,0
DA:55,0
DA:56,0
DA:58,0
DA:59,0
DA:60,0
DA:63,0
DA:64,0
DA:65,0
DA:66,0
DA:67,0
DA:69,0
DA:70,0
DA:71,0
DA:72,0
DA:74,0
DA:88,0
DA:89,0
DA:90,0
DA:91,0
DA:93,0
DA:94,0
DA:95,0
DA:97,0
DA:101,0
DA:102,0
DA:105,0
LF:33
LH:1
BRDA:64,0,0,0
BRDA:64,0,1,0
BRDA:71,1,0,0
BRDA:71,1,1,0
BRDA:72,2,0,0
BRDA:72,2,1,0
BRDA:82,3,0,0
BRDA:82,3,1,0
BRDA:83,4,0,0
BRDA:83,4,1,0
BRDA:84,5,0,0
BRDA:84,5,1,0
BRDA:88,6,0,0
BRDA:88,6,1,0
BRDA:89,7,0,0
BRDA:89,7,1,0
BRDA:90,8,0,0
BRDA:90,8,1,0
BRDA:91,9,0,0
BRDA:91,9,1,0
BRF:20
BRH:0
end_of_record
TN:
SF:src/components/Message.tsx
FNF:0
FNH:0
LF:0
LH:0
BRF:0
BRH:0
end_of_record
TN:
SF:src/components/ProtectedRoute.tsx
FN:9,ProtectedRoute
FNF:1
FNH:0
FNDA:0,ProtectedRoute
DA:10,0
DA:11,0
DA:13,0
DA:14,0
DA:21,0
DA:22,0
DA:25,0
LF:7
LH:0
BRDA:13,0,0,0
BRDA:13,0,1,0
BRDA:21,1,0,0
BRDA:21,1,1,0
BRF:4
BRH:0
end_of_record
TN:
SF:src/components/UserContext.tsx
FN:18,(anonymous_0)
FN:20,(anonymous_1)
FN:24,UserContextProvider
FN:29,(anonymous_3)
FN:30,(anonymous_4)
FNF:5
FNH:5
FNDA:1,(anonymous_0)
FNDA:1,(anonymous_1)
FNDA:6,UserContextProvider
FNDA:3,(anonymous_3)
FNDA:3,(anonymous_4)
DA:16,3
DA:25,6
DA:26,6
DA:27,6
DA:29,6
DA:30,3
DA:31,3
DA:32,3
DA:33,2
DA:34,2
DA:36,1
DA:37,1
DA:39,3
DA:43,3
DA:46,6
LF:15
LH:15
BRDA:33,0,0,2
BRDA:33,0,1,0
BRDA:34,1,0,2
BRDA:34,1,1,0
BRF:4
BRH:2
end_of_record
TN:
SF:src/components/index.tsx
FN:3,(anonymous_0)
FN:11,(anonymous_1)
FN:19,(anonymous_2)
FNF:3
FNH:0
FNDA:0,(anonymous_0)
FNDA:0,(anonymous_1)
FNDA:0,(anonymous_2)
DA:3,0
DA:4,0
DA:11,0
DA:12,0
DA:19,0
DA:20,0
LF:6
LH:0
BRF:0
BRH:0
end_of_record
TN:
SF:src/hooks/useClothContext.ts
FN:4,(anonymous_0)
FNF:1
FNH:1
FNDA:133,(anonymous_0)
DA:4,1
DA:5,133
DA:6,133
DA:7,0
DA:9,133
LF:5
LH:4
BRDA:6,0,0,0
BRDA:6,0,1,133
BRF:2
BRH:1
end_of_record
TN:
SF:src/pages/AddItem.tsx
FN:31,AddItem
FN:61,(anonymous_1)
FN:64,fetchItemData
FN:95,(anonymous_3)
FN:117,(anonymous_4)
FN:138,(anonymous_5)
FN:139,(anonymous_6)
FN:143,(anonymous_7)
FN:150,(anonymous_8)
FN:168,handleSubmit
FN:298,(anonymous_10)
FN:305,(anonymous_11)
FN:312,(anonymous_12)
FN:339,(anonymous_13)
FN:371,(anonymous_14)
FN:387,(anonymous_15)
FN:395,(anonymous_16)
FN:411,(anonymous_17)
FN:426,(anonymous_18)
FN:441,(anonymous_19)
FN:456,(anonymous_20)
FN:471,(anonymous_21)
FN:486,(anonymous_22)
FN:504,(anonymous_23)
FN:512,(anonymous_24)
FN:566,(anonymous_25)
FN:579,(anonymous_26)
FN:611,(anonymous_27)
FNF:28
FNH:19
FNDA:133,AddItem
FNDA:20,(anonymous_1)
FNDA:9,fetchItemData
FNDA:7,(anonymous_3)
FNDA:20,(anonymous_4)
FNDA:0,(anonymous_5)
FNDA:0,(anonymous_6)
FNDA:0,(anonymous_7)
FNDA:2,(anonymous_8)
FNDA:8,handleSubmit
FNDA:4,(anonymous_10)
FNDA:4,(anonymous_11)
FNDA:1,(anonymous_12)
FNDA:0,(anonymous_13)
FNDA:46,(anonymous_14)
FNDA:1,(anonymous_15)
FNDA:903,(anonymous_16)
FNDA:16,(anonymous_17)
FNDA:0,(anonymous_18)
FNDA:6,(anonymous_19)
FNDA:13,(anonymous_20)
FNDA:0,(anonymous_21)
FNDA:0,(anonymous_22)
FNDA:1,(anonymous_23)
FNDA:645,(anonymous_24)
FNDA:0,(anonymous_25)
FNDA:0,(anonymous_26)
FNDA:3,(anonymous_27)
DA:28,1
DA:29,1
DA:32,133
DA:33,133
DA:34,133
DA:36,133
DA:38,133
DA:39,133
DA:40,133
DA:41,133
DA:42,133
DA:43,133
DA:44,133
DA:45,133
DA:46,133
DA:47,133
DA:48,133
DA:49,133
DA:50,133
DA:51,133
DA:52,133
DA:53,133
DA:54,133
DA:58,133
DA:59,133
DA:61,133
DA:62,20
DA:65,9
DA:66,9
DA:67,7
DA:68,2
DA:69,2
DA:70,2
DA:71,2
DA:72,2
DA:73,2
DA:74,2
DA:75,2
DA:76,2
DA:77,2
DA:78,2
DA:79,2
DA:80,2
DA:81,2
DA:82,2
DA:83,2
DA:86,6
DA:87,6
DA:88,1
DA:89,1
DA:91,5
DA:95,9
DA:96,9
DA:97,7
DA:98,7
DA:99,7
DA:100,7
DA:101,7
DA:102,7
DA:103,7
DA:104,7
DA:105,7
DA:106,7
DA:107,7
DA:108,7
DA:109,7
DA:110,7
DA:114,9
DA:117,133
DA:118,20
DA:120,11
DA:121,11
DA:122,11
DA:123,11
DA:124,11
DA:125,11
DA:126,11
DA:127,11
DA:128,11
DA:129,11
DA:130,11
DA:131,11
DA:132,11
DA:133,11
DA:134,11
DA:135,0
DA:136,0
DA:137,0
DA:138,0
DA:140,0
DA:141,0
DA:145,11
DA:146,0
DA:150,133
DA:151,2
DA:152,2
DA:153,2
DA:154,2
DA:155,2
DA:156,2
DA:157,2
DA:158,2
DA:159,2
DA:160,2
DA:161,2
DA:162,2
DA:163,2
DA:164,2
DA:169,8
DA:170,8
DA:171,8
DA:172,8
DA:173,1
DA:174,1
DA:175,1
DA:177,7
DA:178,1
DA:179,1
DA:180,1
DA:182,6
DA:185,6
DA:186,3
DA:187,1
DA:188,1
DA:189,1
DA:192,2
DA:193,2
DA:194,0
DA:195,0
DA:197,2
DA:198,0
DA:199,0
DA:201,2
DA:202,0
DA:203,0
DA:205,2
DA:206,0
DA:207,0
DA:209,2
DA:210,0
DA:211,0
DA:213,2
DA:214,0
DA:215,0
DA:217,2
DA:218,1
DA:219,1
DA:221,2
DA:222,2
DA:223,0
DA:224,0
DA:226,2
DA:227,2
DA:228,0
DA:229,0
DA:231,2
DA:232,0
DA:233,0
DA:236,2
DA:237,2
DA:238,0
DA:239,0
DA:241,2
DA:242,0
DA:243,0
DA:246,2
DA:247,1
DA:248,1
DA:249,1
DA:253,3
DA:254,3
DA:255,3
DA:256,3
DA:257,3
DA:258,3
DA:259,3
DA:260,3
DA:261,3
DA:262,3
DA:263,3
DA:264,3
DA:265,3
DA:266,0
DA:270,4
DA:271,4
DA:273,4
DA:284,3
DA:285,2
DA:286,2
DA:287,2
DA:289,1
DA:292,1
DA:294,4
DA:298,133
DA:299,4
DA:300,4
DA:302,4
DA:304,4
DA:305,4
DA:306,4
DA:307,4
DA:309,4
DA:312,133
DA:313,1
DA:314,1
DA:315,1
DA:318,133
DA:339,0
DA:371,46
DA:387,1
DA:396,903
DA:411,16
DA:426,0
DA:441,6
DA:456,13
DA:471,0
DA:486,0
DA:504,1
DA:513,645
DA:566,0
DA:580,0
DA:612,3
DA:613,3
DA:614,3
DA:616,3
DA:617,3
DA:618,2
DA:619,1
DA:620,1
DA:621,1
DA:623,1
DA:626,1
LF:232
LH:196
BRDA:62,0,0,11
BRDA:62,0,1,9
BRDA:71,1,0,2
BRDA:71,1,1,0
BRDA:72,2,0,2
BRDA:72,2,1,0
BRDA:73,3,0,2
BRDA:73,3,1,0
BRDA:74,4,0,0
BRDA:74,4,1,2
BRDA:74,5,0,2
BRDA:74,5,1,2
BRDA:75,6,0,2
BRDA:75,6,1,0
BRDA:77,7,0,2
BRDA:77,7,1,0
BRDA:78,8,0,2
BRDA:78,8,1,2
BRDA:80,9,0,2
BRDA:80,9,1,0
BRDA:87,10,0,1
BRDA:87,10,1,5
BRDA:96,11,0,7
BRDA:96,11,1,2
BRDA:100,12,0,7
BRDA:100,12,1,0
BRDA:101,13,0,7
BRDA:101,13,1,0
BRDA:102,14,0,7
BRDA:102,14,1,0
BRDA:103,15,0,0
BRDA:103,15,1,7
BRDA:103,16,0,7
BRDA:103,16,1,7
BRDA:104,17,0,7
BRDA:104,17,1,0
BRDA:106,18,0,7
BRDA:106,18,1,0
BRDA:107,19,0,7
BRDA:107,19,1,7
BRDA:109,20,0,7
BRDA:109,20,1,0
BRDA:118,21,0,9
BRDA:118,21,1,11
BRDA:120,22,0,11
BRDA:120,22,1,11
BRDA:122,23,0,11
BRDA:122,23,1,11
BRDA:123,24,0,11
BRDA:123,24,1,11
BRDA:124,25,0,11
BRDA:124,25,1,11
BRDA:125,26,0,11
BRDA:125,26,1,11
BRDA:127,27,0,0
BRDA:127,27,1,11
BRDA:128,28,0,0
BRDA:128,28,1,11
BRDA:129,29,0,0
BRDA:129,29,1,11
BRDA:130,30,0,0
BRDA:130,30,1,11
BRDA:131,31,0,0
BRDA:131,31,1,11
BRDA:132,32,0,0
BRDA:132,32,1,11
BRDA:133,33,0,0
BRDA:133,33,1,11
BRDA:134,34,0,0
BRDA:134,34,1,11
BRDA:140,35,0,0
BRDA:140,35,1,0
BRDA:145,36,0,0
BRDA:145,36,1,11
BRDA:172,37,0,1
BRDA:172,37,1,7
BRDA:177,38,0,1
BRDA:177,38,1,6
BRDA:177,39,0,7
BRDA:177,39,1,6
BRDA:177,39,2,6
BRDA:177,39,3,6
BRDA:185,40,0,3
BRDA:185,40,1,3
BRDA:186,41,0,1
BRDA:186,41,1,2
BRDA:193,42,0,0
BRDA:193,42,1,2
BRDA:197,43,0,0
BRDA:197,43,1,2
BRDA:201,44,0,0
BRDA:201,44,1,2
BRDA:205,45,0,0
BRDA:205,45,1,2
BRDA:209,46,0,0
BRDA:209,46,1,2
BRDA:209,47,0,2
BRDA:209,47,1,0
BRDA:213,48,0,0
BRDA:213,48,1,2
BRDA:213,49,0,2
BRDA:213,49,1,0
BRDA:217,50,0,1
BRDA:217,50,1,1
BRDA:217,51,0,2
BRDA:217,51,1,0
BRDA:221,52,0,0
BRDA:221,52,1,2
BRDA:221,53,0,2
BRDA:221,53,1,2
BRDA:222,54,0,0
BRDA:222,54,1,2
BRDA:226,55,0,2
BRDA:226,55,1,0
BRDA:227,56,0,0
BRDA:227,56,1,2
BRDA:231,57,0,0
BRDA:231,57,1,2
BRDA:236,58,0,2
BRDA:236,58,1,0
BRDA:237,59,0,0
BRDA:237,59,1,2
BRDA:241,60,0,0
BRDA:241,60,1,2
BRDA:246,61,0,1
BRDA:246,61,1,1
BRDA:256,62,0,0
BRDA:256,62,1,3
BRDA:257,63,0,1
BRDA:257,63,1,2
BRDA:258,64,0,1
BRDA:258,64,1,2
BRDA:259,65,0,0
BRDA:259,65,1,3
BRDA:260,66,0,0
BRDA:260,66,1,3
BRDA:263,67,0,0
BRDA:263,67,1,3
BRDA:265,68,0,0
BRDA:265,68,1,3
BRDA:271,69,0,1
BRDA:271,69,1,3
BRDA:273,70,0,1
BRDA:273,70,1,3
BRDA:284,71,0,2
BRDA:284,71,1,1
BRDA:300,72,0,0
BRDA:300,72,1,4
BRDA:335,73,0,43
BRDA:335,73,1,90
BRDA:358,74,0,133
BRDA:358,74,1,1
BRDA:538,75,0,133
BRDA:538,75,1,22
BRDA:542,76,0,22
BRDA:542,76,1,4
BRDA:553,77,0,22
BRDA:553,77,1,14
BRDA:576,78,0,0
BRDA:576,78,1,133
BRDA:601,79,0,43
BRDA:601,79,1,90
BRDA:603,80,0,133
BRDA:603,80,1,43
BRDA:612,81,0,0
BRDA:612,81,1,3
BRDA:614,82,0,0
BRDA:614,82,1,3
BRDA:618,83,0,1
BRDA:618,83,1,1
BRF:170
BRH:119
end_of_record
TN:
SF:src/pages/AppLayout.tsx
FN:13,AppLayout
FN:16,(anonymous_1)
FN:20,(anonymous_2)
FN:25,handleLogout
FN:35,(anonymous_4)
FNF:5
FNH:4
FNDA:129,AppLayout
FNDA:20,(anonymous_1)
FNDA:18,(anonymous_2)
FNDA:0,handleLogout
FNDA:516,(anonymous_4)
DA:14,129
DA:15,129
DA:16,129
DA:17,20
DA:18,18
DA:20,18
DA:26,0
DA:27,0
DA:29,0
DA:31,0
DA:35,516
DA:40,129
LF:12
LH:8
BRDA:17,0,0,2
BRDA:17,0,1,18
BRDA:36,1,0,0
BRDA:36,1,1,516
BRDA:37,2,0,0
BRDA:37,2,1,516
BRDA:73,3,0,129
BRDA:73,3,1,0
BRF:8
BRH:5
end_of_record
TN:
SF:src/pages/Assistant.tsx
FN:25,getMessages
FN:31,messagesToPrompt
FN:33,(anonymous_2)
FN:38,Assistant
FN:63,(anonymous_4)
FN:67,(anonymous_5)
FN:73,(anonymous_6)
FN:81,(anonymous_7)
FN:82,handleOutsideClick
FN:90,(anonymous_9)
FN:93,sendMessage
FN:149,(anonymous_11)
FN:189,(anonymous_12)
FN:230,(anonymous_13)
FN:239,(anonymous_14)
FN:245,(anonymous_15)
FN:262,(anonymous_16)
FN:264,(anonymous_17)
FN:276,(anonymous_18)
FN:287,(anonymous_19)
FN:295,(anonymous_20)
FN:300,(anonymous_21)
FN:306,(anonymous_22)
FN:419,(anonymous_23)
FN:440,(anonymous_24)
FN:440,(anonymous_25)
FN:463,(anonymous_26)
FN:481,(anonymous_27)
FN:489,(anonymous_28)
FN:505,(anonymous_29)
FN:548,(anonymous_30)
FNF:31
FNH:0
FNDA:0,getMessages
FNDA:0,messagesToPrompt
FNDA:0,(anonymous_2)
FNDA:0,Assistant
FNDA:0,(anonymous_4)
FNDA:0,(anonymous_5)
FNDA:0,(anonymous_6)
FNDA:0,(anonymous_7)
FNDA:0,handleOutsideClick
FNDA:0,(anonymous_9)
FNDA:0,sendMessage
FNDA:0,(anonymous_11)
FNDA:0,(anonymous_12)
FNDA:0,(anonymous_13)
FNDA:0,(anonymous_14)
FNDA:0,(anonymous_15)
FNDA:0,(anonymous_16)
FNDA:0,(anonymous_17)
FNDA:0,(anonymous_18)
FNDA:0,(anonymous_19)
FNDA:0,(anonymous_20)
FNDA:0,(anonymous_21)
FNDA:0,(anonymous_22)
FNDA:0,(anonymous_23)
FNDA:0,(anonymous_24)
FNDA:0,(anonymous_25)
FNDA:0,(anonymous_26)
FNDA:0,(anonymous_27)
FNDA:0,(anonymous_28)
FNDA:0,(anonymous_29)
FNDA:0,(anonymous_30)
DA:26,0
DA:27,0
DA:32,0
DA:33,0
DA:39,0
DA:40,0
DA:41,0
DA:44,0
DA:46,0
DA:48,0
DA:49,0
DA:53,0
DA:54,0
DA:55,0
DA:56,0
DA:57,0
DA:58,0
DA:59,0
DA:60,0
DA:63,0
DA:66,0
DA:67,0
DA:69,0
DA:73,0
DA:74,0
DA:75,0
DA:76,0
DA:77,0
DA:81,0
DA:83,0
DA:84,0
DA:85,0
DA:86,0
DA:89,0
DA:90,0
DA:95,0
DA:96,0
DA:97,0
DA:98,0
DA:102,0
DA:103,0
DA:104,0
DA:105,0
DA:106,0
DA:107,0
DA:109,0
DA:111,0
DA:112,0
DA:113,0
DA:114,0
DA:115,0
DA:116,0
DA:117,0
DA:118,0
DA:120,0
DA:123,0
DA:124,0
DA:125,0
DA:126,0
DA:127,0
DA:128,0
DA:129,0
DA:132,0
DA:134,0
DA:148,0
DA:149,0
DA:155,0
DA:156,0
DA:161,0
DA:189,0
DA:231,0
DA:232,0
DA:233,0
DA:234,0
DA:235,0
DA:240,0
DA:242,0
DA:243,0
DA:244,0
DA:245,0
DA:246,0
DA:247,0
DA:248,0
DA:250,0
DA:253,0
DA:257,0
DA:261,0
DA:262,0
DA:264,0
DA:265,0
DA:274,0
DA:276,0
DA:277,0
DA:278,0
DA:279,0
DA:280,0
DA:281,0
DA:282,0
DA:283,0
DA:284,0
DA:285,0
DA:286,0
DA:287,0
DA:288,0
DA:289,0
DA:291,0
DA:294,0
DA:295,0
DA:300,0
DA:306,0
DA:307,0
DA:309,0
DA:310,0
DA:311,0
DA:312,0
DA:313,0
DA:314,0
DA:315,0
DA:316,0
DA:318,0
DA:378,0
DA:420,0
DA:421,0
DA:440,0
DA:464,0
DA:465,0
DA:466,0
DA:467,0
DA:469,0
DA:482,0
DA:483,0
DA:484,0
DA:485,0
DA:486,0
DA:488,0
DA:489,0
DA:490,0
DA:491,0
DA:493,0
DA:506,0
DA:507,0
DA:508,0
DA:549,0
LF:143
LH:0
BRDA:33,0,0,0
BRDA:33,0,1,0
BRDA:75,1,0,0
BRDA:75,1,1,0
BRDA:76,2,0,0
BRDA:76,2,1,0
BRDA:83,3,0,0
BRDA:83,3,1,0
BRDA:85,4,0,0
BRDA:85,4,1,0
BRDA:85,5,0,0
BRDA:85,5,1,0
BRDA:95,6,0,0
BRDA:95,6,1,0
BRDA:95,7,0,0
BRDA:95,7,1,0
BRDA:97,8,0,0
BRDA:97,8,1,0
BRDA:100,9,0,0
BRDA:100,9,1,0
BRDA:100,10,0,0
BRDA:100,10,1,0
BRDA:106,11,0,0
BRDA:106,11,1,0
BRDA:116,12,0,0
BRDA:116,12,1,0
BRDA:117,13,0,0
BRDA:117,13,1,0
BRDA:125,14,0,0
BRDA:125,14,1,0
BRDA:125,14,2,0
BRDA:126,15,0,0
BRDA:126,15,1,0
BRDA:127,16,0,0
BRDA:127,16,1,0
BRDA:128,17,0,0
BRDA:128,17,1,0
BRDA:132,18,0,0
BRDA:132,18,1,0
BRDA:138,19,0,0
BRDA:138,19,1,0
BRDA:143,20,0,0
BRDA:143,20,1,0
BRDA:148,21,0,0
BRDA:148,21,1,0
BRDA:151,22,0,0
BRDA:151,22,1,0
BRDA:155,23,0,0
BRDA:155,23,1,0
BRDA:232,24,0,0
BRDA:232,24,1,0
BRDA:240,25,0,0
BRDA:240,25,1,0
BRDA:240,25,2,0
BRDA:242,26,0,0
BRDA:242,26,1,0
BRDA:243,27,0,0
BRDA:243,27,1,0
BRDA:244,28,0,0
BRDA:244,28,1,0
BRDA:247,29,0,0
BRDA:247,29,1,0
BRDA:248,30,0,0
BRDA:248,30,1,0
BRDA:250,31,0,0
BRDA:250,31,1,0
BRDA:250,32,0,0
BRDA:250,32,1,0
BRDA:252,33,0,0
BRDA:252,33,1,0
BRDA:253,34,0,0
BRDA:253,34,1,0
BRDA:253,35,0,0
BRDA:253,35,1,0
BRDA:255,36,0,0
BRDA:255,36,1,0
BRDA:257,37,0,0
BRDA:257,37,1,0
BRDA:257,37,2,0
BRDA:257,37,3,0
BRDA:266,38,0,0
BRDA:266,38,1,0
BRDA:267,39,0,0
BRDA:267,39,1,0
BRDA:268,40,0,0
BRDA:268,40,1,0
BRDA:269,41,0,0
BRDA:269,41,1,0
BRDA:270,42,0,0
BRDA:270,42,1,0
BRDA:271,43,0,0
BRDA:271,43,1,0
BRDA:272,44,0,0
BRDA:272,44,1,0
BRDA:277,45,0,0
BRDA:277,45,1,0
BRDA:280,46,0,0
BRDA:280,46,1,0
BRDA:281,47,0,0
BRDA:281,47,1,0
BRDA:282,48,0,0
BRDA:282,48,1,0
BRDA:282,48,2,0
BRDA:283,49,0,0
BRDA:283,49,1,0
BRDA:283,49,2,0
BRDA:284,50,0,0
BRDA:284,50,1,0
BRDA:285,51,0,0
BRDA:285,51,1,0
BRDA:286,52,0,0
BRDA:286,52,1,0
BRDA:288,53,0,0
BRDA:288,53,1,0
BRDA:310,54,0,0
BRDA:310,54,1,0
BRDA:311,55,0,0
BRDA:311,55,1,0
BRDA:312,56,0,0
BRDA:312,56,1,0
BRDA:312,57,0,0
BRDA:312,57,1,0
BRDA:313,58,0,0
BRDA:313,58,1,0
BRDA:313,59,0,0
BRDA:313,59,1,0
BRDA:314,60,0,0
BRDA:314,60,1,0
BRDA:315,61,0,0
BRDA:315,61,1,0
BRDA:334,62,0,0
BRDA:334,62,1,0
BRDA:343,63,0,0
BRDA:343,63,1,0
BRDA:348,64,0,0
BRDA:348,64,1,0
BRDA:366,65,0,0
BRDA:366,65,1,0
BRDA:367,66,0,0
BRDA:367,66,1,0
BRDA:381,67,0,0
BRDA:381,67,1,0
BRDA:385,68,0,0
BRDA:385,68,1,0
BRDA:389,69,0,0
BRDA:389,69,1,0
BRDA:392,70,0,0
BRDA:392,70,1,0
BRDA:407,71,0,0
BRDA:407,71,1,0
BRDA:444,72,0,0
BRDA:444,72,1,0
BRDA:466,73,0,0
BRDA:466,73,1,0
BRDA:482,74,0,0
BRDA:482,74,1,0
BRDA:484,75,0,0
BRDA:484,75,1,0
BRDA:490,76,0,0
BRDA:490,76,1,0
BRDA:497,77,0,0
BRDA:497,77,1,0
BRDA:522,78,0,0
BRDA:522,78,1,0
BRDA:544,79,0,0
BRDA:544,79,1,0
BRDA:550,80,0,0
BRDA:550,80,1,0
BRF:168
BRH:0
end_of_record
TN:
SF:src/pages/Closet.tsx
FN:32,Closet
FN:42,(anonymous_1)
FN:57,handleSearch
FN:65,(anonymous_3)
FN:98,(anonymous_4)
FN:154,(anonymous_5)
FN:155,(anonymous_6)
FN:166,(anonymous_7)
FN:167,(anonymous_8)
FN:176,(anonymous_9)
FN:201,(anonymous_10)
FN:244,(anonymous_11)
FN:267,(anonymous_12)
FN:281,(anonymous_13)
FN:282,(anonymous_14)
FN:320,(anonymous_15)
FN:346,(anonymous_16)
FN:358,(anonymous_17)
FN:380,(anonymous_18)
FN:396,(anonymous_19)
FNF:20
FNH:0
FNDA:0,Closet
FNDA:0,(anonymous_1)
FNDA:0,handleSearch
FNDA:0,(anonymous_3)
FNDA:0,(anonymous_4)
FNDA:0,(anonymous_5)
FNDA:0,(anonymous_6)
FNDA:0,(anonymous_7)
FNDA:0,(anonymous_8)
FNDA:0,(anonymous_9)
FNDA:0,(anonymous_10)
FNDA:0,(anonymous_11)
FNDA:0,(anonymous_12)
FNDA:0,(anonymous_13)
FNDA:0,(anonymous_14)
FNDA:0,(anonymous_15)
FNDA:0,(anonymous_16)
FNDA:0,(anonymous_17)
FNDA:0,(anonymous_18)
FNDA:0,(anonymous_19)
DA:33,0
DA:34,0
DA:35,0
DA:36,0
DA:37,0
DA:38,0
DA:39,0
DA:42,0
DA:43,0
DA:44,0
DA:45,0
DA:46,0
DA:51,0
DA:53,0
DA:58,0
DA:65,0
DA:66,0
DA:69,0
DA:98,0
DA:154,0
DA:156,0
DA:157,0
DA:166,0
DA:168,0
DA:169,0
DA:176,0
DA:202,0
DA:203,0
DA:204,0
DA:245,0
DA:246,0
DA:247,0
DA:268,0
DA:281,0
DA:283,0
DA:284,0
DA:285,0
DA:321,0
DA:322,0
DA:323,0
DA:348,0
DA:349,0
DA:359,0
DA:360,0
DA:380,0
DA:396,0
LF:46
LH:0
BRDA:60,0,0,0
BRDA:60,0,1,0
BRDA:61,1,0,0
BRDA:61,1,1,0
BRDA:156,2,0,0
BRDA:156,2,1,0
BRDA:161,3,0,0
BRDA:161,3,1,0
BRDA:168,4,0,0
BRDA:168,4,1,0
BRDA:206,5,0,0
BRDA:206,5,1,0
BRDA:207,6,0,0
BRDA:207,6,1,0
BRDA:208,7,0,0
BRDA:208,7,1,0
BRDA:249,8,0,0
BRDA:249,8,1,0
BRDA:250,9,0,0
BRDA:250,9,1,0
BRDA:251,10,0,0
BRDA:251,10,1,0
BRDA:283,11,0,0
BRDA:283,11,1,0
BRDA:283,12,0,0
BRDA:283,12,1,0
BRDA:289,13,0,0
BRDA:289,13,1,0
BRDA:318,14,0,0
BRDA:318,14,1,0
BRDA:320,15,0,0
BRDA:320,15,1,0
BRDA:355,16,0,0
BRDA:355,16,1,0
BRDA:375,17,0,0
BRDA:375,17,1,0
BRDA:382,18,0,0
BRDA:382,18,1,0
BRDA:383,19,0,0
BRDA:383,19,1,0
BRDA:384,20,0,0
BRDA:384,20,1,0
BRDA:398,21,0,0
BRDA:398,21,1,0
BRDA:399,22,0,0
BRDA:399,22,1,0
BRDA:400,23,0,0
BRDA:400,23,1,0
BRF:48
BRH:0
end_of_record
TN:
SF:src/pages/ClothesView.tsx
FN:24,ClothesView
FN:31,(anonymous_1)
FN:41,(anonymous_2)
FN:46,(anonymous_3)
FN:53,(anonymous_4)
FN:61,(anonymous_5)
FN:127,(anonymous_6)
FN:152,(anonymous_7)
FN:184,(anonymous_8)
FN:193,(anonymous_9)
FN:285,(anonymous_10)
FNF:11
FNH:0
FNDA:0,ClothesView
FNDA:0,(anonymous_1)
FNDA:0,(anonymous_2)
FNDA:0,(anonymous_3)
FNDA:0,(anonymous_4)
FNDA:0,(anonymous_5)
FNDA:0,(anonymous_6)
FNDA:0,(anonymous_7)
FNDA:0,(anonymous_8)
FNDA:0,(anonymous_9)
FNDA:0,(anonymous_10)
DA:25,0
DA:26,0
DA:27,0
DA:28,0
DA:29,0
DA:31,0
DA:32,0
DA:33,0
DA:34,0
DA:37,0
DA:38,0
DA:39,0
DA:42,0
DA:43,0
DA:44,0
DA:47,0
DA:48,0
DA:49,0
DA:50,0
DA:53,0
DA:54,0
DA:58,0
DA:61,0
DA:128,0
DA:129,0
DA:130,0
DA:131,0
DA:132,0
DA:137,0
DA:139,0
DA:141,0
DA:153,0
DA:154,0
DA:155,0
DA:156,0
DA:157,0
DA:158,0
DA:159,0
DA:160,0
DA:165,0
DA:171,0
DA:173,0
DA:184,0
DA:194,0
DA:195,0
DA:196,0
DA:197,0
DA:198,0
DA:199,0
DA:201,0
DA:203,0
DA:286,0
DA:287,0
DA:288,0
LF:54
LH:0
BRDA:32,0,0,0
BRDA:32,0,1,0
BRDA:42,1,0,0
BRDA:42,1,1,0
BRDA:43,2,0,0
BRDA:43,2,1,0
BRDA:48,3,0,0
BRDA:48,3,1,0
BRDA:67,4,0,0
BRDA:67,4,1,0
BRDA:72,5,0,0
BRDA:72,5,1,0
BRDA:82,6,0,0
BRDA:82,6,1,0
BRDA:82,6,2,0
BRDA:93,7,0,0
BRDA:93,7,1,0
BRDA:145,8,0,0
BRDA:145,8,1,0
BRDA:156,9,0,0
BRDA:156,9,1,0
BRDA:195,10,0,0
BRDA:195,10,1,0
BRDA:220,11,0,0
BRDA:220,11,1,0
BRDA:226,12,0,0
BRDA:226,12,1,0
BRDA:232,13,0,0
BRDA:232,13,1,0
BRDA:238,14,0,0
BRDA:238,14,1,0
BRDA:244,15,0,0
BRDA:244,15,1,0
BRDA:250,16,0,0
BRDA:250,16,1,0
BRDA:256,17,0,0
BRDA:256,17,1,0
BRDA:262,18,0,0
BRDA:262,18,1,0
BRDA:268,19,0,0
BRDA:268,19,1,0
BRDA:274,20,0,0
BRDA:274,20,1,0
BRDA:281,21,0,0
BRDA:281,21,1,0
BRDA:281,21,2,0
BRDA:308,22,0,0
BRDA:308,22,1,0
BRF:48
BRH:0
end_of_record
TN:
SF:src/pages/Home.tsx
FN:6,HomePage
FN:15,(anonymous_1)
FNF:2
FNH:2
FNDA:2,HomePage
FNDA:1,(anonymous_1)
DA:7,2
DA:8,2
DA:15,1
LF:3
LH:3
BRF:0
BRH:0
end_of_record
TN:
SF:src/pages/Outfits.tsx
FN:19,Outfits
FN:90,(anonymous_1)
FN:185,(anonymous_2)
FN:186,(anonymous_3)
FN:187,(anonymous_4)
FN:194,(anonymous_5)
FN:195,(anonymous_6)
FNF:7
FNH:0
FNDA:0,Outfits
FNDA:0,(anonymous_1)
FNDA:0,(anonymous_2)
FNDA:0,(anonymous_3)
FNDA:0,(anonymous_4)
FNDA:0,(anonymous_5)
FNDA:0,(anonymous_6)
DA:20,0
DA:21,0
DA:23,0
DA:91,0
DA:185,0
DA:186,0
DA:187,0
DA:194,0
DA:195,0
LF:9
LH:0
BRDA:189,0,0,0
BRDA:189,0,1,0
BRDA:189,0,2,0
BRF:3
BRH:0
end_of_record
TN:
SF:src/pages/Settings.tsx
FN:3,Settings
FNF:1
FNH:0
FNDA:0,Settings
DA:4,0
LF:1
LH:0
BRF:0
BRH:0
end_of_record
TN:
SF:src/pages/login.tsx
FN:12,Login
FN:21,handleSubmit
FN:97,(anonymous_2)
FN:115,(anonymous_3)
FN:133,(anonymous_4)
FN:157,(anonymous_5)
FN:164,(anonymous_6)
FNF:7
FNH:5
FNDA:42,Login
FNDA:2,handleSubmit
FNDA:10,(anonymous_2)
FNDA:23,(anonymous_3)
FNDA:0,(anonymous_4)
FNDA:1,(anonymous_5)
FNDA:0,(anonymous_6)
DA:13,42
DA:14,42
DA:15,42
DA:16,42
DA:17,42
DA:18,42
DA:19,42
DA:22,2
DA:23,2
DA:24,2
DA:25,2
DA:26,2
DA:30,2
DA:32,1
DA:33,1
DA:34,1
DA:35,1
DA:37,0
DA:41,1
DA:45,42
DA:97,10
DA:115,23
DA:133,0
DA:157,1
DA:164,0
LF:25
LH:22
BRDA:25,0,0,2
BRDA:25,0,1,0
BRDA:26,1,0,2
BRDA:26,1,1,0
BRDA:32,2,0,1
BRDA:32,2,1,0
BRDA:37,3,0,0
BRDA:37,3,1,0
BRDA:41,4,0,1
BRDA:41,4,1,0
BRDA:71,5,0,41
BRDA:71,5,1,1
BRDA:74,6,0,41
BRDA:74,6,1,1
BRDA:79,7,0,42
BRDA:79,7,1,1
BRDA:125,8,0,42
BRDA:125,8,1,1
BRDA:152,9,0,41
BRDA:152,9,1,1
BRDA:157,10,0,1
BRDA:157,10,1,0
BRDA:159,11,0,41
BRDA:159,11,1,1
BRF:24
BRH:17
end_of_record
TN:
SF:src/test-utils/renderWithProviders.tsx
FN:10,(anonymous_0)
FN:22,(anonymous_1)
FN:30,(anonymous_2)
FNF:3
FNH:3
FNDA:30,(anonymous_0)
FNDA:30,(anonymous_1)
FNDA:30,(anonymous_2)
DA:10,4
DA:17,30
DA:22,4
DA:29,30
DA:31,30
LF:5
LH:5
BRDA:12,0,0,0
BRDA:18,1,0,12
BRDA:18,1,1,18
BRDA:24,2,0,12
BRDA:25,3,0,12
BRF:5
BRH:4
end_of_record
